Sep 03, 2025 2:31:53 PM org.javacs.JavaLanguageServer didOpenTextDocument
INFO: #didOpenTextDocument# try call goto {"context":{"includeDeclaration":false},"textDocument":{"uri":"file:///C:/Users/74993/Desktop/%E6%AF%95%E8%AE%BE/wll%E8%AE%BA%E6%96%87/java-language-server2/outputDir/LOC_1200.java"},"position":{"line":56,"character":20}}
Sep 03, 2025 2:31:53 PM org.javacs.JavaLanguageServer didOpenTextDocument
INFO: #didOpenTextDocument# try call rename {"context":{"includeDeclaration":false},"textDocument":{"uri":"file:///C:/Users/74993/Desktop/%E6%AF%95%E8%AE%BE/wll%E8%AE%BA%E6%96%87/java-language-server2/outputDir/LOC_1200.java"},"position":{"line":56,"character":20}}
Sep 03, 2025 2:31:53 PM org.javacs.JavaLanguageServer rename
INFO: rename: 35 document: file:///C:/Users/74993/Desktop/毕设/wll论文/java-language-server2/outputDir/LOC_1200.java
Sep 03, 2025 2:31:53 PM org.javacs.JavaLanguageServer didOpenTextDocument
INFO: #didOpenTextDocument# try completion {"context":{"includeDeclaration":false},"textDocument":{"uri":"file:///C:/Users/74993/Desktop/%E6%AF%95%E8%AE%BE/wll%E8%AE%BA%E6%96%87/java-language-server2/outputDir/LOC_1200.java"},"position":{"line":56,"character":20}}
Sep 03, 2025 2:31:53 PM org.javacs.completion.CompletionProvider complete
INFO: Complete at LOC_1200.java(57,21)...
Sep 03, 2025 2:31:53 PM org.javacs.completion.CompletionProvider compileAndComplete
INFO: ...compiled in 13ms
Sep 03, 2025 2:31:53 PM org.javacs.completion.CompletionProvider logCompletionTiming
INFO: ...found 11 items in 14 ms
Sep 03, 2025 2:31:53 PM org.javacs.JavaLanguageServer completion
INFO: completion: 15 document: file:///C:/Users/74993/Desktop/毕设/wll论文/java-language-server2/outputDir/LOC_1200.java
Sep 03, 2025 2:31:53 PM org.javacs.JavaLanguageServer didOpenTextDocument
INFO: #didOpenTextDocument# try call goto {"context":{"includeDeclaration":false},"textDocument":{"uri":"file:///C:/Users/74993/Desktop/%E6%AF%95%E8%AE%BE/wll%E8%AE%BA%E6%96%87/java-language-server2/outputDir/LOC_1200.java"},"position":{"line":1188,"character":42}}
Sep 03, 2025 2:31:53 PM org.javacs.JavaLanguageServer didOpenTextDocument
INFO: #didOpenTextDocument# try call rename {"context":{"includeDeclaration":false},"textDocument":{"uri":"file:///C:/Users/74993/Desktop/%E6%AF%95%E8%AE%BE/wll%E8%AE%BA%E6%96%87/java-language-server2/outputDir/LOC_1200.java"},"position":{"line":1188,"character":42}}
Sep 03, 2025 2:31:53 PM org.javacs.JavaLanguageServer rename
INFO: rename: 35 document: file:///C:/Users/74993/Desktop/毕设/wll论文/java-language-server2/outputDir/LOC_1200.java
Sep 03, 2025 2:31:53 PM org.javacs.JavaLanguageServer didOpenTextDocument
INFO: #didOpenTextDocument# try completion {"context":{"includeDeclaration":false},"textDocument":{"uri":"file:///C:/Users/74993/Desktop/%E6%AF%95%E8%AE%BE/wll%E8%AE%BA%E6%96%87/java-language-server2/outputDir/LOC_1200.java"},"position":{"line":1188,"character":42}}
Sep 03, 2025 2:31:53 PM org.javacs.completion.CompletionProvider complete
INFO: Complete at LOC_1200.java(1189,43)...
Sep 03, 2025 2:31:53 PM org.javacs.completion.CompletionProvider compileAndComplete
INFO: ...compiled in 13ms
Sep 03, 2025 2:31:53 PM org.javacs.completion.CompletionProvider logCompletionTiming
INFO: ...found 11 items in 14 ms
Sep 03, 2025 2:31:53 PM org.javacs.JavaLanguageServer completion
INFO: completion: 15 document: file:///C:/Users/74993/Desktop/毕设/wll论文/java-language-server2/outputDir/LOC_1200.java
Sep 03, 2025 2:31:54 PM org.javacs.JavaLanguageServer didOpenTextDocument
INFO: #didOpenTextDocument# try call goto {"context":{"includeDeclaration":false},"textDocument":{"uri":"file:///C:/Users/74993/Desktop/%E6%AF%95%E8%AE%BE/wll%E8%AE%BA%E6%96%87/java-language-server2/outputDir/LOC_1600.java"},"position":{"line":67,"character":34}}
Sep 03, 2025 2:31:54 PM org.javacs.JavaLanguageServer didOpenTextDocument
INFO: #didOpenTextDocument# try call rename {"context":{"includeDeclaration":false},"textDocument":{"uri":"file:///C:/Users/74993/Desktop/%E6%AF%95%E8%AE%BE/wll%E8%AE%BA%E6%96%87/java-language-server2/outputDir/LOC_1600.java"},"position":{"line":67,"character":34}}
Sep 03, 2025 2:31:54 PM org.javacs.JavaLanguageServer rename
INFO: rename: 76 document: file:///C:/Users/74993/Desktop/毕设/wll论文/java-language-server2/outputDir/LOC_1600.java
Sep 03, 2025 2:31:54 PM org.javacs.JavaLanguageServer didOpenTextDocument
INFO: #didOpenTextDocument# try completion {"context":{"includeDeclaration":false},"textDocument":{"uri":"file:///C:/Users/74993/Desktop/%E6%AF%95%E8%AE%BE/wll%E8%AE%BA%E6%96%87/java-language-server2/outputDir/LOC_1600.java"},"position":{"line":67,"character":34}}
Sep 03, 2025 2:31:54 PM org.javacs.completion.CompletionProvider complete
INFO: Complete at LOC_1600.java(68,35)...
Sep 03, 2025 2:31:54 PM org.javacs.completion.CompletionProvider compileAndComplete
INFO: ...compiled in 21ms
Sep 03, 2025 2:31:54 PM org.javacs.completion.CompletionProvider logCompletionTiming
INFO: ...found 11 items in 23 ms
Sep 03, 2025 2:31:54 PM org.javacs.JavaLanguageServer completion
INFO: completion: 24 document: file:///C:/Users/74993/Desktop/毕设/wll论文/java-language-server2/outputDir/LOC_1600.java
Sep 03, 2025 2:31:54 PM org.javacs.JavaLanguageServer didOpenTextDocument
INFO: #didOpenTextDocument# try call goto {"context":{"includeDeclaration":false},"textDocument":{"uri":"file:///C:/Users/74993/Desktop/%E6%AF%95%E8%AE%BE/wll%E8%AE%BA%E6%96%87/java-language-server2/outputDir/LOC_1600.java"},"position":{"line":1517,"character":26}}
Sep 03, 2025 2:31:54 PM org.javacs.JavaCompilerService findPublicTypeDeclarationInJdk
INFO: ...found jar:file:///C:/Program%20Files/Java/jdk-22/lib/src.zip!/java.base/java/lang/Object.java in module java.base of jdk
Sep 03, 2025 2:31:54 PM org.javacs.JavaLanguageServer didOpenTextDocument
INFO: #didOpenTextDocument# try call rename {"context":{"includeDeclaration":false},"textDocument":{"uri":"file:///C:/Users/74993/Desktop/%E6%AF%95%E8%AE%BE/wll%E8%AE%BA%E6%96%87/java-language-server2/outputDir/LOC_1600.java"},"position":{"line":1517,"character":26}}
Sep 03, 2025 2:31:54 PM org.javacs.JavaLanguageServer rename
INFO: rename: 118 document: file:///C:/Users/74993/Desktop/毕设/wll论文/java-language-server2/outputDir/LOC_1600.java
Sep 03, 2025 2:31:54 PM org.javacs.JavaLanguageServer didOpenTextDocument
INFO: #didOpenTextDocument# try completion {"context":{"includeDeclaration":false},"textDocument":{"uri":"file:///C:/Users/74993/Desktop/%E6%AF%95%E8%AE%BE/wll%E8%AE%BA%E6%96%87/java-language-server2/outputDir/LOC_1600.java"},"position":{"line":1517,"character":26}}
Sep 03, 2025 2:31:54 PM org.javacs.completion.CompletionProvider complete
INFO: Complete at LOC_1600.java(1518,27)...
Sep 03, 2025 2:31:54 PM org.javacs.completion.CompletionProvider compileAndComplete
INFO: ...compiled in 19ms
Sep 03, 2025 2:31:54 PM org.javacs.completion.CompletionProvider completeIdentifier
INFO: ...complete identifiers
Sep 03, 2025 2:31:54 PM org.javacs.completion.CompletionProvider completeUsingScope
INFO: ...found 65 scope members
Sep 03, 2025 2:31:54 PM org.javacs.completion.CompletionProvider addStaticImports
INFO: ...found 0 static imports
Sep 03, 2025 2:31:54 PM org.javacs.completion.CompletionProvider logCompletionTiming
INFO: ...found 92 items in 32 ms
Sep 03, 2025 2:31:54 PM org.javacs.JavaLanguageServer completion
INFO: completion: 33 document: file:///C:/Users/74993/Desktop/毕设/wll论文/java-language-server2/outputDir/LOC_1600.java
Sep 03, 2025 2:31:54 PM org.javacs.JavaLanguageServer didOpenTextDocument
INFO: #didOpenTextDocument# try call goto {"context":{"includeDeclaration":false},"textDocument":{"uri":"file:///C:/Users/74993/Desktop/%E6%AF%95%E8%AE%BE/wll%E8%AE%BA%E6%96%87/java-language-server2/outputDir/LOC_2000.java"},"position":{"line":61,"character":31}}
Sep 03, 2025 2:31:54 PM org.javacs.JavaLanguageServer didOpenTextDocument
INFO: #didOpenTextDocument# try call rename {"context":{"includeDeclaration":false},"textDocument":{"uri":"file:///C:/Users/74993/Desktop/%E6%AF%95%E8%AE%BE/wll%E8%AE%BA%E6%96%87/java-language-server2/outputDir/LOC_2000.java"},"position":{"line":61,"character":31}}
Sep 03, 2025 2:31:54 PM org.javacs.JavaLanguageServer rename
INFO: rename: 62 document: file:///C:/Users/74993/Desktop/毕设/wll论文/java-language-server2/outputDir/LOC_2000.java
Sep 03, 2025 2:31:55 PM org.javacs.JavaLanguageServer didOpenTextDocument
INFO: #didOpenTextDocument# try completion {"context":{"includeDeclaration":false},"textDocument":{"uri":"file:///C:/Users/74993/Desktop/%E6%AF%95%E8%AE%BE/wll%E8%AE%BA%E6%96%87/java-language-server2/outputDir/LOC_2000.java"},"position":{"line":61,"character":31}}
Sep 03, 2025 2:31:55 PM org.javacs.completion.CompletionProvider complete
INFO: Complete at LOC_2000.java(62,32)...
Sep 03, 2025 2:31:55 PM org.javacs.completion.CompletionProvider compileAndComplete
INFO: ...compiled in 22ms
Sep 03, 2025 2:31:55 PM org.javacs.completion.CompletionProvider logCompletionTiming
INFO: ...found 11 items in 24 ms
Sep 03, 2025 2:31:55 PM org.javacs.JavaLanguageServer completion
INFO: completion: 26 document: file:///C:/Users/74993/Desktop/毕设/wll论文/java-language-server2/outputDir/LOC_2000.java
Sep 03, 2025 2:31:55 PM org.javacs.JavaLanguageServer didOpenTextDocument
INFO: #didOpenTextDocument# try call goto {"context":{"includeDeclaration":false},"textDocument":{"uri":"file:///C:/Users/74993/Desktop/%E6%AF%95%E8%AE%BE/wll%E8%AE%BA%E6%96%87/java-language-server2/outputDir/LOC_2000.java"},"position":{"line":1971,"character":48}}
Sep 03, 2025 2:31:55 PM org.javacs.JavaLanguageServer didOpenTextDocument
INFO: #didOpenTextDocument# try call rename {"context":{"includeDeclaration":false},"textDocument":{"uri":"file:///C:/Users/74993/Desktop/%E6%AF%95%E8%AE%BE/wll%E8%AE%BA%E6%96%87/java-language-server2/outputDir/LOC_2000.java"},"position":{"line":1971,"character":48}}
Sep 03, 2025 2:31:55 PM org.javacs.JavaLanguageServer rename
INFO: rename: 61 document: file:///C:/Users/74993/Desktop/毕设/wll论文/java-language-server2/outputDir/LOC_2000.java
Sep 03, 2025 2:31:55 PM org.javacs.JavaLanguageServer didOpenTextDocument
INFO: #didOpenTextDocument# try completion {"context":{"includeDeclaration":false},"textDocument":{"uri":"file:///C:/Users/74993/Desktop/%E6%AF%95%E8%AE%BE/wll%E8%AE%BA%E6%96%87/java-language-server2/outputDir/LOC_2000.java"},"position":{"line":1971,"character":48}}
Sep 03, 2025 2:31:55 PM org.javacs.completion.CompletionProvider complete
INFO: Complete at LOC_2000.java(1972,49)...
Sep 03, 2025 2:31:55 PM org.javacs.completion.CompletionProvider compileAndComplete
INFO: ...compiled in 23ms
Sep 03, 2025 2:31:55 PM org.javacs.completion.CompletionProvider logCompletionTiming
INFO: ...found 11 items in 26 ms
Sep 03, 2025 2:31:55 PM org.javacs.JavaLanguageServer completion
INFO: completion: 26 document: file:///C:/Users/74993/Desktop/毕设/wll论文/java-language-server2/outputDir/LOC_2000.java
Sep 03, 2025 2:31:55 PM org.javacs.JavaLanguageServer didOpenTextDocument
INFO: #didOpenTextDocument# try call goto {"context":{"includeDeclaration":false},"textDocument":{"uri":"file:///C:/Users/74993/Desktop/%E6%AF%95%E8%AE%BE/wll%E8%AE%BA%E6%96%87/java-language-server2/outputDir/LOC_2400.java"},"position":{"line":66,"character":76}}
Sep 03, 2025 2:31:55 PM org.javacs.JavaLanguageServer didOpenTextDocument
INFO: #didOpenTextDocument# try call rename {"context":{"includeDeclaration":false},"textDocument":{"uri":"file:///C:/Users/74993/Desktop/%E6%AF%95%E8%AE%BE/wll%E8%AE%BA%E6%96%87/java-language-server2/outputDir/LOC_2400.java"},"position":{"line":66,"character":76}}
Sep 03, 2025 2:31:55 PM org.javacs.JavaLanguageServer rename
INFO: rename: 108 document: file:///C:/Users/74993/Desktop/毕设/wll论文/java-language-server2/outputDir/LOC_2400.java
Sep 03, 2025 2:31:55 PM org.javacs.JavaLanguageServer didOpenTextDocument
INFO: #didOpenTextDocument# try completion {"context":{"includeDeclaration":false},"textDocument":{"uri":"file:///C:/Users/74993/Desktop/%E6%AF%95%E8%AE%BE/wll%E8%AE%BA%E6%96%87/java-language-server2/outputDir/LOC_2400.java"},"position":{"line":66,"character":76}}
Sep 03, 2025 2:31:55 PM org.javacs.completion.CompletionProvider complete
INFO: Complete at LOC_2400.java(67,77)...
Sep 03, 2025 2:31:55 PM org.javacs.completion.CompletionProvider compileAndComplete
INFO: ...compiled in 24ms
Sep 03, 2025 2:31:55 PM org.javacs.completion.CompletionProvider completeIdentifier
INFO: ...complete identifiers
Sep 03, 2025 2:31:55 PM org.javacs.completion.CompletionProvider completeUsingScope
INFO: ...found 30 scope members
Sep 03, 2025 2:31:55 PM org.javacs.completion.CompletionProvider addStaticImports
INFO: ...found 0 static imports
Sep 03, 2025 2:31:55 PM org.javacs.completion.CompletionProvider logCompletionTiming
INFO: ...found 57 items in 31 ms
Sep 03, 2025 2:31:55 PM org.javacs.JavaLanguageServer completion
INFO: completion: 32 document: file:///C:/Users/74993/Desktop/毕设/wll论文/java-language-server2/outputDir/LOC_2400.java
Sep 03, 2025 2:31:55 PM org.javacs.JavaLanguageServer didOpenTextDocument
INFO: #didOpenTextDocument# try call goto {"context":{"includeDeclaration":false},"textDocument":{"uri":"file:///C:/Users/74993/Desktop/%E6%AF%95%E8%AE%BE/wll%E8%AE%BA%E6%96%87/java-language-server2/outputDir/LOC_2400.java"},"position":{"line":2390,"character":37}}
Sep 03, 2025 2:31:55 PM org.javacs.JavaLanguageServer didOpenTextDocument
INFO: #didOpenTextDocument# try call rename {"context":{"includeDeclaration":false},"textDocument":{"uri":"file:///C:/Users/74993/Desktop/%E6%AF%95%E8%AE%BE/wll%E8%AE%BA%E6%96%87/java-language-server2/outputDir/LOC_2400.java"},"position":{"line":2390,"character":37}}
Sep 03, 2025 2:31:55 PM org.javacs.JavaLanguageServer rename
INFO: rename: 108 document: file:///C:/Users/74993/Desktop/毕设/wll论文/java-language-server2/outputDir/LOC_2400.java
Sep 03, 2025 2:31:55 PM org.javacs.JavaLanguageServer didOpenTextDocument
INFO: #didOpenTextDocument# try completion {"context":{"includeDeclaration":false},"textDocument":{"uri":"file:///C:/Users/74993/Desktop/%E6%AF%95%E8%AE%BE/wll%E8%AE%BA%E6%96%87/java-language-server2/outputDir/LOC_2400.java"},"position":{"line":2390,"character":37}}
Sep 03, 2025 2:31:55 PM org.javacs.completion.CompletionProvider complete
INFO: Complete at LOC_2400.java(2391,38)...
Sep 03, 2025 2:31:55 PM org.javacs.completion.CompletionProvider compileAndComplete
INFO: ...compiled in 25ms
Sep 03, 2025 2:31:55 PM org.javacs.completion.CompletionProvider completeIdentifier
INFO: ...complete identifiers
Sep 03, 2025 2:31:55 PM org.javacs.completion.CompletionProvider completeUsingScope
INFO: ...found 15 scope members
Sep 03, 2025 2:31:55 PM org.javacs.completion.CompletionProvider addStaticImports
INFO: ...found 0 static imports
Sep 03, 2025 2:31:55 PM org.javacs.completion.CompletionProvider logCompletionTiming
INFO: ...found 42 items in 28 ms
Sep 03, 2025 2:31:55 PM org.javacs.JavaLanguageServer completion
INFO: completion: 29 document: file:///C:/Users/74993/Desktop/毕设/wll论文/java-language-server2/outputDir/LOC_2400.java
Sep 03, 2025 2:31:56 PM org.javacs.JavaLanguageServer didOpenTextDocument
INFO: #didOpenTextDocument# try call goto {"context":{"includeDeclaration":false},"textDocument":{"uri":"file:///C:/Users/74993/Desktop/%E6%AF%95%E8%AE%BE/wll%E8%AE%BA%E6%96%87/java-language-server2/outputDir/LOC_2800.java"},"position":{"line":66,"character":76}}
Sep 03, 2025 2:31:56 PM org.javacs.JavaLanguageServer didOpenTextDocument
INFO: #didOpenTextDocument# try call rename {"context":{"includeDeclaration":false},"textDocument":{"uri":"file:///C:/Users/74993/Desktop/%E6%AF%95%E8%AE%BE/wll%E8%AE%BA%E6%96%87/java-language-server2/outputDir/LOC_2800.java"},"position":{"line":66,"character":76}}
Sep 03, 2025 2:31:56 PM org.javacs.JavaLanguageServer rename
INFO: rename: 119 document: file:///C:/Users/74993/Desktop/毕设/wll论文/java-language-server2/outputDir/LOC_2800.java
Sep 03, 2025 2:31:56 PM org.javacs.JavaLanguageServer didOpenTextDocument
INFO: #didOpenTextDocument# try completion {"context":{"includeDeclaration":false},"textDocument":{"uri":"file:///C:/Users/74993/Desktop/%E6%AF%95%E8%AE%BE/wll%E8%AE%BA%E6%96%87/java-language-server2/outputDir/LOC_2800.java"},"position":{"line":66,"character":76}}
Sep 03, 2025 2:31:56 PM org.javacs.completion.CompletionProvider complete
INFO: Complete at LOC_2800.java(67,77)...
Sep 03, 2025 2:31:56 PM org.javacs.completion.CompletionProvider compileAndComplete
INFO: ...compiled in 26ms
Sep 03, 2025 2:31:56 PM org.javacs.completion.CompletionProvider completeIdentifier
INFO: ...complete identifiers
Sep 03, 2025 2:31:56 PM org.javacs.completion.CompletionProvider completeUsingScope
INFO: ...found 30 scope members
Sep 03, 2025 2:31:56 PM org.javacs.completion.CompletionProvider addStaticImports
INFO: ...found 0 static imports
Sep 03, 2025 2:31:56 PM org.javacs.completion.CompletionProvider logCompletionTiming
INFO: ...found 57 items in 30 ms
Sep 03, 2025 2:31:56 PM org.javacs.JavaLanguageServer completion
INFO: completion: 31 document: file:///C:/Users/74993/Desktop/毕设/wll论文/java-language-server2/outputDir/LOC_2800.java
Sep 03, 2025 2:31:56 PM org.javacs.JavaLanguageServer didOpenTextDocument
INFO: #didOpenTextDocument# try call goto {"context":{"includeDeclaration":false},"textDocument":{"uri":"file:///C:/Users/74993/Desktop/%E6%AF%95%E8%AE%BE/wll%E8%AE%BA%E6%96%87/java-language-server2/outputDir/LOC_2800.java"},"position":{"line":2789,"character":132}}
Sep 03, 2025 2:31:56 PM org.javacs.JavaLanguageServer didOpenTextDocument
INFO: #didOpenTextDocument# try call rename {"context":{"includeDeclaration":false},"textDocument":{"uri":"file:///C:/Users/74993/Desktop/%E6%AF%95%E8%AE%BE/wll%E8%AE%BA%E6%96%87/java-language-server2/outputDir/LOC_2800.java"},"position":{"line":2789,"character":132}}
Sep 03, 2025 2:31:56 PM org.javacs.JavaLanguageServer rename
INFO: rename: 122 document: file:///C:/Users/74993/Desktop/毕设/wll论文/java-language-server2/outputDir/LOC_2800.java
Sep 03, 2025 2:31:56 PM org.javacs.JavaLanguageServer didOpenTextDocument
INFO: #didOpenTextDocument# try completion {"context":{"includeDeclaration":false},"textDocument":{"uri":"file:///C:/Users/74993/Desktop/%E6%AF%95%E8%AE%BE/wll%E8%AE%BA%E6%96%87/java-language-server2/outputDir/LOC_2800.java"},"position":{"line":2789,"character":132}}
Sep 03, 2025 2:31:56 PM org.javacs.completion.CompletionProvider complete
INFO: Complete at LOC_2800.java(2790,133)...
Sep 03, 2025 2:31:56 PM org.javacs.completion.CompletionProvider compileAndComplete
INFO: ...compiled in 27ms
Sep 03, 2025 2:31:56 PM org.javacs.completion.CompletionProvider completeIdentifier
INFO: ...complete identifiers
Sep 03, 2025 2:31:56 PM org.javacs.completion.CompletionProvider completeUsingScope
INFO: ...found 17 scope members
Sep 03, 2025 2:31:56 PM org.javacs.completion.CompletionProvider addStaticImports
INFO: ...found 0 static imports
Sep 03, 2025 2:31:56 PM org.javacs.completion.CompletionProvider logCompletionTiming
INFO: ...found 44 items in 30 ms
Sep 03, 2025 2:31:56 PM org.javacs.JavaLanguageServer completion
INFO: completion: 31 document: file:///C:/Users/74993/Desktop/毕设/wll论文/java-language-server2/outputDir/LOC_2800.java
Sep 03, 2025 2:31:56 PM org.javacs.JavaLanguageServer didOpenTextDocument
INFO: #didOpenTextDocument# try call goto {"context":{"includeDeclaration":false},"textDocument":{"uri":"file:///C:/Users/74993/Desktop/%E6%AF%95%E8%AE%BE/wll%E8%AE%BA%E6%96%87/java-language-server2/outputDir/LOC_3200.java"},"position":{"line":61,"character":31}}
Sep 03, 2025 2:31:57 PM org.javacs.JavaLanguageServer didOpenTextDocument
INFO: #didOpenTextDocument# try call rename {"context":{"includeDeclaration":false},"textDocument":{"uri":"file:///C:/Users/74993/Desktop/%E6%AF%95%E8%AE%BE/wll%E8%AE%BA%E6%96%87/java-language-server2/outputDir/LOC_3200.java"},"position":{"line":61,"character":31}}
Sep 03, 2025 2:31:57 PM org.javacs.JavaLanguageServer rename
INFO: rename: 79 document: file:///C:/Users/74993/Desktop/毕设/wll论文/java-language-server2/outputDir/LOC_3200.java
Sep 03, 2025 2:31:57 PM org.javacs.JavaLanguageServer didOpenTextDocument
INFO: #didOpenTextDocument# try completion {"context":{"includeDeclaration":false},"textDocument":{"uri":"file:///C:/Users/74993/Desktop/%E6%AF%95%E8%AE%BE/wll%E8%AE%BA%E6%96%87/java-language-server2/outputDir/LOC_3200.java"},"position":{"line":61,"character":31}}
Sep 03, 2025 2:31:57 PM org.javacs.completion.CompletionProvider complete
INFO: Complete at LOC_3200.java(62,32)...
Sep 03, 2025 2:31:57 PM org.javacs.completion.CompletionProvider compileAndComplete
INFO: ...compiled in 23ms
Sep 03, 2025 2:31:57 PM org.javacs.completion.CompletionProvider logCompletionTiming
INFO: ...found 11 items in 28 ms
Sep 03, 2025 2:31:57 PM org.javacs.JavaLanguageServer completion
INFO: completion: 30 document: file:///C:/Users/74993/Desktop/毕设/wll论文/java-language-server2/outputDir/LOC_3200.java
Sep 03, 2025 2:31:57 PM org.javacs.JavaLanguageServer didOpenTextDocument
INFO: #didOpenTextDocument# try call goto {"context":{"includeDeclaration":false},"textDocument":{"uri":"file:///C:/Users/74993/Desktop/%E6%AF%95%E8%AE%BE/wll%E8%AE%BA%E6%96%87/java-language-server2/outputDir/LOC_3200.java"},"position":{"line":3189,"character":32}}
Sep 03, 2025 2:31:57 PM org.javacs.JavaLanguageServer didOpenTextDocument
INFO: #didOpenTextDocument# try call rename {"context":{"includeDeclaration":false},"textDocument":{"uri":"file:///C:/Users/74993/Desktop/%E6%AF%95%E8%AE%BE/wll%E8%AE%BA%E6%96%87/java-language-server2/outputDir/LOC_3200.java"},"position":{"line":3189,"character":32}}
Sep 03, 2025 2:31:57 PM org.javacs.JavaLanguageServer rename
INFO: rename: 76 document: file:///C:/Users/74993/Desktop/毕设/wll论文/java-language-server2/outputDir/LOC_3200.java
Sep 03, 2025 2:31:57 PM org.javacs.JavaLanguageServer didOpenTextDocument
INFO: #didOpenTextDocument# try completion {"context":{"includeDeclaration":false},"textDocument":{"uri":"file:///C:/Users/74993/Desktop/%E6%AF%95%E8%AE%BE/wll%E8%AE%BA%E6%96%87/java-language-server2/outputDir/LOC_3200.java"},"position":{"line":3189,"character":32}}
Sep 03, 2025 2:31:57 PM org.javacs.completion.CompletionProvider complete
INFO: Complete at LOC_3200.java(3190,33)...
Sep 03, 2025 2:31:57 PM org.javacs.completion.CompletionProvider compileAndComplete
INFO: ...compiled in 24ms
Sep 03, 2025 2:31:57 PM org.javacs.completion.CompletionProvider completeIdentifier
INFO: ...complete identifiers
Sep 03, 2025 2:31:57 PM org.javacs.completion.CompletionProvider completeUsingScope
INFO: ...found 8 scope members
Sep 03, 2025 2:31:57 PM org.javacs.completion.CompletionProvider addStaticImports
INFO: ...found 0 static imports
Sep 03, 2025 2:31:57 PM org.javacs.completion.CompletionProvider logCompletionTiming
INFO: ...found 35 items in 31 ms
Sep 03, 2025 2:31:57 PM org.javacs.JavaLanguageServer completion
INFO: completion: 31 document: file:///C:/Users/74993/Desktop/毕设/wll论文/java-language-server2/outputDir/LOC_3200.java
Sep 03, 2025 2:31:57 PM org.javacs.JavaLanguageServer didOpenTextDocument
INFO: #didOpenTextDocument# try call goto {"context":{"includeDeclaration":false},"textDocument":{"uri":"file:///C:/Users/74993/Desktop/%E6%AF%95%E8%AE%BE/wll%E8%AE%BA%E6%96%87/java-language-server2/outputDir/LOC_3600.java"},"position":{"line":61,"character":31}}
Sep 03, 2025 2:31:57 PM org.javacs.JavaLanguageServer didOpenTextDocument
INFO: #didOpenTextDocument# try call rename {"context":{"includeDeclaration":false},"textDocument":{"uri":"file:///C:/Users/74993/Desktop/%E6%AF%95%E8%AE%BE/wll%E8%AE%BA%E6%96%87/java-language-server2/outputDir/LOC_3600.java"},"position":{"line":61,"character":31}}
Sep 03, 2025 2:31:57 PM org.javacs.JavaLanguageServer rename
INFO: rename: 93 document: file:///C:/Users/74993/Desktop/毕设/wll论文/java-language-server2/outputDir/LOC_3600.java
Sep 03, 2025 2:31:57 PM org.javacs.JavaLanguageServer didOpenTextDocument
INFO: #didOpenTextDocument# try completion {"context":{"includeDeclaration":false},"textDocument":{"uri":"file:///C:/Users/74993/Desktop/%E6%AF%95%E8%AE%BE/wll%E8%AE%BA%E6%96%87/java-language-server2/outputDir/LOC_3600.java"},"position":{"line":61,"character":31}}
Sep 03, 2025 2:31:57 PM org.javacs.completion.CompletionProvider complete
INFO: Complete at LOC_3600.java(62,32)...
Sep 03, 2025 2:31:57 PM org.javacs.completion.CompletionProvider compileAndComplete
INFO: ...compiled in 24ms
Sep 03, 2025 2:31:57 PM org.javacs.completion.CompletionProvider logCompletionTiming
INFO: ...found 11 items in 29 ms
Sep 03, 2025 2:31:57 PM org.javacs.JavaLanguageServer completion
INFO: completion: 30 document: file:///C:/Users/74993/Desktop/毕设/wll论文/java-language-server2/outputDir/LOC_3600.java
Sep 03, 2025 2:31:57 PM org.javacs.JavaLanguageServer didOpenTextDocument
INFO: #didOpenTextDocument# try call goto {"context":{"includeDeclaration":false},"textDocument":{"uri":"file:///C:/Users/74993/Desktop/%E6%AF%95%E8%AE%BE/wll%E8%AE%BA%E6%96%87/java-language-server2/outputDir/LOC_3600.java"},"position":{"line":3579,"character":64}}
Sep 03, 2025 2:31:57 PM org.javacs.JavaLanguageServer didOpenTextDocument
INFO: #didOpenTextDocument# try call rename {"context":{"includeDeclaration":false},"textDocument":{"uri":"file:///C:/Users/74993/Desktop/%E6%AF%95%E8%AE%BE/wll%E8%AE%BA%E6%96%87/java-language-server2/outputDir/LOC_3600.java"},"position":{"line":3579,"character":64}}
Sep 03, 2025 2:31:57 PM org.javacs.JavaLanguageServer rename
INFO: rename: 100 document: file:///C:/Users/74993/Desktop/毕设/wll论文/java-language-server2/outputDir/LOC_3600.java
Sep 03, 2025 2:31:57 PM org.javacs.JavaLanguageServer didOpenTextDocument
INFO: #didOpenTextDocument# try completion {"context":{"includeDeclaration":false},"textDocument":{"uri":"file:///C:/Users/74993/Desktop/%E6%AF%95%E8%AE%BE/wll%E8%AE%BA%E6%96%87/java-language-server2/outputDir/LOC_3600.java"},"position":{"line":3579,"character":64}}
Sep 03, 2025 2:31:57 PM org.javacs.completion.CompletionProvider complete
INFO: Complete at LOC_3600.java(3580,65)...
Sep 03, 2025 2:31:57 PM org.javacs.completion.CompletionProvider compileAndComplete
INFO: ...compiled in 25ms
Sep 03, 2025 2:31:57 PM org.javacs.completion.CompletionProvider logCompletionTiming
INFO: ...found 11 items in 30 ms
Sep 03, 2025 2:31:57 PM org.javacs.JavaLanguageServer completion
INFO: completion: 31 document: file:///C:/Users/74993/Desktop/毕设/wll论文/java-language-server2/outputDir/LOC_3600.java
Sep 03, 2025 2:31:57 PM org.javacs.JavaLanguageServer didOpenTextDocument
INFO: #didOpenTextDocument# try call goto {"context":{"includeDeclaration":false},"textDocument":{"uri":"file:///C:/Users/74993/Desktop/%E6%AF%95%E8%AE%BE/wll%E8%AE%BA%E6%96%87/java-language-server2/outputDir/LOC_400.java"},"position":{"line":41,"character":28}}
Sep 03, 2025 2:31:58 PM org.javacs.JavaLanguageServer didOpenTextDocument
INFO: #didOpenTextDocument# try call rename {"context":{"includeDeclaration":false},"textDocument":{"uri":"file:///C:/Users/74993/Desktop/%E6%AF%95%E8%AE%BE/wll%E8%AE%BA%E6%96%87/java-language-server2/outputDir/LOC_400.java"},"position":{"line":41,"character":28}}
Sep 03, 2025 2:31:58 PM org.javacs.JavaLanguageServer rename
INFO: rename: 13 document: file:///C:/Users/74993/Desktop/毕设/wll论文/java-language-server2/outputDir/LOC_400.java
Sep 03, 2025 2:31:58 PM org.javacs.JavaLanguageServer didOpenTextDocument
INFO: #didOpenTextDocument# try completion {"context":{"includeDeclaration":false},"textDocument":{"uri":"file:///C:/Users/74993/Desktop/%E6%AF%95%E8%AE%BE/wll%E8%AE%BA%E6%96%87/java-language-server2/outputDir/LOC_400.java"},"position":{"line":41,"character":28}}
Sep 03, 2025 2:31:58 PM org.javacs.completion.CompletionProvider complete
INFO: Complete at LOC_400.java(42,29)...
Sep 03, 2025 2:31:58 PM org.javacs.completion.CompletionProvider compileAndComplete
INFO: ...compiled in 6ms
Sep 03, 2025 2:31:58 PM org.javacs.completion.CompletionProvider logCompletionTiming
INFO: ...found 11 items in 6 ms
Sep 03, 2025 2:31:58 PM org.javacs.JavaLanguageServer completion
INFO: completion: 7 document: file:///C:/Users/74993/Desktop/毕设/wll论文/java-language-server2/outputDir/LOC_400.java
Sep 03, 2025 2:31:58 PM org.javacs.JavaLanguageServer didOpenTextDocument
INFO: #didOpenTextDocument# try call goto {"context":{"includeDeclaration":false},"textDocument":{"uri":"file:///C:/Users/74993/Desktop/%E6%AF%95%E8%AE%BE/wll%E8%AE%BA%E6%96%87/java-language-server2/outputDir/LOC_400.java"},"position":{"line":391,"character":28}}
Sep 03, 2025 2:31:58 PM org.javacs.JavaLanguageServer didOpenTextDocument
INFO: #didOpenTextDocument# try call rename {"context":{"includeDeclaration":false},"textDocument":{"uri":"file:///C:/Users/74993/Desktop/%E6%AF%95%E8%AE%BE/wll%E8%AE%BA%E6%96%87/java-language-server2/outputDir/LOC_400.java"},"position":{"line":391,"character":28}}
Sep 03, 2025 2:31:58 PM org.javacs.JavaLanguageServer rename
INFO: rename: 12 document: file:///C:/Users/74993/Desktop/毕设/wll论文/java-language-server2/outputDir/LOC_400.java
Sep 03, 2025 2:31:58 PM org.javacs.JavaLanguageServer didOpenTextDocument
INFO: #didOpenTextDocument# try completion {"context":{"includeDeclaration":false},"textDocument":{"uri":"file:///C:/Users/74993/Desktop/%E6%AF%95%E8%AE%BE/wll%E8%AE%BA%E6%96%87/java-language-server2/outputDir/LOC_400.java"},"position":{"line":391,"character":28}}
Sep 03, 2025 2:31:58 PM org.javacs.completion.CompletionProvider complete
INFO: Complete at LOC_400.java(392,29)...
Sep 03, 2025 2:31:58 PM org.javacs.completion.CompletionProvider compileAndComplete
INFO: ...compiled in 6ms
Sep 03, 2025 2:31:58 PM org.javacs.completion.CompletionProvider completeIdentifier
INFO: ...complete identifiers
Sep 03, 2025 2:31:58 PM org.javacs.completion.CompletionProvider completeUsingScope
INFO: ...found 44 scope members
Sep 03, 2025 2:31:58 PM org.javacs.completion.CompletionProvider addStaticImports
INFO: ...found 0 static imports
Sep 03, 2025 2:31:58 PM org.javacs.completion.CompletionProvider logCompletionTiming
INFO: ...found 71 items in 8 ms
Sep 03, 2025 2:31:58 PM org.javacs.JavaLanguageServer completion
INFO: completion: 11 document: file:///C:/Users/74993/Desktop/毕设/wll论文/java-language-server2/outputDir/LOC_400.java
Sep 03, 2025 2:31:58 PM org.javacs.JavaLanguageServer didOpenTextDocument
INFO: #didOpenTextDocument# try call goto {"context":{"includeDeclaration":false},"textDocument":{"uri":"file:///C:/Users/74993/Desktop/%E6%AF%95%E8%AE%BE/wll%E8%AE%BA%E6%96%87/java-language-server2/outputDir/LOC_4000.java"},"position":{"line":61,"character":31}}
Sep 03, 2025 2:31:58 PM org.javacs.JavaLanguageServer didOpenTextDocument
INFO: #didOpenTextDocument# try call rename {"context":{"includeDeclaration":false},"textDocument":{"uri":"file:///C:/Users/74993/Desktop/%E6%AF%95%E8%AE%BE/wll%E8%AE%BA%E6%96%87/java-language-server2/outputDir/LOC_4000.java"},"position":{"line":61,"character":31}}
Sep 03, 2025 2:31:58 PM org.javacs.JavaLanguageServer rename
INFO: rename: 111 document: file:///C:/Users/74993/Desktop/毕设/wll论文/java-language-server2/outputDir/LOC_4000.java
Sep 03, 2025 2:31:58 PM org.javacs.JavaLanguageServer didOpenTextDocument
INFO: #didOpenTextDocument# try completion {"context":{"includeDeclaration":false},"textDocument":{"uri":"file:///C:/Users/74993/Desktop/%E6%AF%95%E8%AE%BE/wll%E8%AE%BA%E6%96%87/java-language-server2/outputDir/LOC_4000.java"},"position":{"line":61,"character":31}}
Sep 03, 2025 2:31:58 PM org.javacs.completion.CompletionProvider complete
INFO: Complete at LOC_4000.java(62,32)...
Sep 03, 2025 2:31:58 PM org.javacs.completion.CompletionProvider compileAndComplete
INFO: ...compiled in 25ms
Sep 03, 2025 2:31:58 PM org.javacs.completion.CompletionProvider logCompletionTiming
INFO: ...found 11 items in 27 ms
Sep 03, 2025 2:31:58 PM org.javacs.JavaLanguageServer completion
INFO: completion: 28 document: file:///C:/Users/74993/Desktop/毕设/wll论文/java-language-server2/outputDir/LOC_4000.java
Sep 03, 2025 2:31:58 PM org.javacs.JavaLanguageServer didOpenTextDocument
INFO: #didOpenTextDocument# try call goto {"context":{"includeDeclaration":false},"textDocument":{"uri":"file:///C:/Users/74993/Desktop/%E6%AF%95%E8%AE%BE/wll%E8%AE%BA%E6%96%87/java-language-server2/outputDir/LOC_4000.java"},"position":{"line":3993,"character":63}}
Sep 03, 2025 2:31:58 PM org.javacs.JavaLanguageServer didOpenTextDocument
INFO: #didOpenTextDocument# try call rename {"context":{"includeDeclaration":false},"textDocument":{"uri":"file:///C:/Users/74993/Desktop/%E6%AF%95%E8%AE%BE/wll%E8%AE%BA%E6%96%87/java-language-server2/outputDir/LOC_4000.java"},"position":{"line":3993,"character":63}}
Sep 03, 2025 2:31:58 PM org.javacs.JavaLanguageServer rename
INFO: rename: 105 document: file:///C:/Users/74993/Desktop/毕设/wll论文/java-language-server2/outputDir/LOC_4000.java
Sep 03, 2025 2:31:58 PM org.javacs.JavaLanguageServer didOpenTextDocument
INFO: #didOpenTextDocument# try completion {"context":{"includeDeclaration":false},"textDocument":{"uri":"file:///C:/Users/74993/Desktop/%E6%AF%95%E8%AE%BE/wll%E8%AE%BA%E6%96%87/java-language-server2/outputDir/LOC_4000.java"},"position":{"line":3993,"character":63}}
Sep 03, 2025 2:31:58 PM org.javacs.completion.CompletionProvider complete
INFO: Complete at LOC_4000.java(3994,64)...
Sep 03, 2025 2:31:58 PM org.javacs.completion.CompletionProvider compileAndComplete
INFO: ...compiled in 23ms
Sep 03, 2025 2:31:58 PM org.javacs.completion.CompletionProvider logCompletionTiming
INFO: ...found 11 items in 25 ms
Sep 03, 2025 2:31:58 PM org.javacs.JavaLanguageServer completion
INFO: completion: 25 document: file:///C:/Users/74993/Desktop/毕设/wll论文/java-language-server2/outputDir/LOC_4000.java
Sep 03, 2025 2:31:58 PM org.javacs.JavaLanguageServer didOpenTextDocument
INFO: #didOpenTextDocument# try call goto {"context":{"includeDeclaration":false},"textDocument":{"uri":"file:///C:/Users/74993/Desktop/%E6%AF%95%E8%AE%BE/wll%E8%AE%BA%E6%96%87/java-language-server2/outputDir/LOC_4400.java"},"position":{"line":61,"character":31}}
Sep 03, 2025 2:31:59 PM org.javacs.JavaLanguageServer didOpenTextDocument
INFO: #didOpenTextDocument# try call rename {"context":{"includeDeclaration":false},"textDocument":{"uri":"file:///C:/Users/74993/Desktop/%E6%AF%95%E8%AE%BE/wll%E8%AE%BA%E6%96%87/java-language-server2/outputDir/LOC_4400.java"},"position":{"line":61,"character":31}}
Sep 03, 2025 2:31:59 PM org.javacs.JavaLanguageServer rename
INFO: rename: 127 document: file:///C:/Users/74993/Desktop/毕设/wll论文/java-language-server2/outputDir/LOC_4400.java
Sep 03, 2025 2:31:59 PM org.javacs.JavaLanguageServer didOpenTextDocument
INFO: #didOpenTextDocument# try completion {"context":{"includeDeclaration":false},"textDocument":{"uri":"file:///C:/Users/74993/Desktop/%E6%AF%95%E8%AE%BE/wll%E8%AE%BA%E6%96%87/java-language-server2/outputDir/LOC_4400.java"},"position":{"line":61,"character":31}}
Sep 03, 2025 2:31:59 PM org.javacs.completion.CompletionProvider complete
INFO: Complete at LOC_4400.java(62,32)...
Sep 03, 2025 2:31:59 PM org.javacs.completion.CompletionProvider compileAndComplete
INFO: ...compiled in 24ms
Sep 03, 2025 2:31:59 PM org.javacs.completion.CompletionProvider logCompletionTiming
INFO: ...found 11 items in 27 ms
Sep 03, 2025 2:31:59 PM org.javacs.JavaLanguageServer completion
INFO: completion: 27 document: file:///C:/Users/74993/Desktop/毕设/wll论文/java-language-server2/outputDir/LOC_4400.java
Sep 03, 2025 2:31:59 PM org.javacs.JavaLanguageServer didOpenTextDocument
INFO: #didOpenTextDocument# try call goto {"context":{"includeDeclaration":false},"textDocument":{"uri":"file:///C:/Users/74993/Desktop/%E6%AF%95%E8%AE%BE/wll%E8%AE%BA%E6%96%87/java-language-server2/outputDir/LOC_4400.java"},"position":{"line":4348,"character":40}}
Sep 03, 2025 2:31:59 PM org.javacs.JavaLanguageServer didOpenTextDocument
INFO: #didOpenTextDocument# try call rename {"context":{"includeDeclaration":false},"textDocument":{"uri":"file:///C:/Users/74993/Desktop/%E6%AF%95%E8%AE%BE/wll%E8%AE%BA%E6%96%87/java-language-server2/outputDir/LOC_4400.java"},"position":{"line":4348,"character":40}}
Sep 03, 2025 2:31:59 PM org.javacs.JavaLanguageServer rename
INFO: rename: 122 document: file:///C:/Users/74993/Desktop/毕设/wll论文/java-language-server2/outputDir/LOC_4400.java
Sep 03, 2025 2:31:59 PM org.javacs.JavaLanguageServer didOpenTextDocument
INFO: #didOpenTextDocument# try completion {"context":{"includeDeclaration":false},"textDocument":{"uri":"file:///C:/Users/74993/Desktop/%E6%AF%95%E8%AE%BE/wll%E8%AE%BA%E6%96%87/java-language-server2/outputDir/LOC_4400.java"},"position":{"line":4348,"character":40}}
Sep 03, 2025 2:31:59 PM org.javacs.completion.CompletionProvider complete
INFO: Complete at LOC_4400.java(4349,41)...
Sep 03, 2025 2:31:59 PM org.javacs.completion.CompletionProvider compileAndComplete
INFO: ...compiled in 23ms
Sep 03, 2025 2:31:59 PM org.javacs.completion.CompletionProvider completeIdentifier
INFO: ...complete identifiers
Sep 03, 2025 2:31:59 PM org.javacs.completion.CompletionProvider completeUsingScope
INFO: ...found 73 scope members
Sep 03, 2025 2:31:59 PM org.javacs.completion.CompletionProvider addStaticImports
INFO: ...found 0 static imports
Sep 03, 2025 2:31:59 PM org.javacs.completion.CompletionProvider logCompletionTiming
INFO: ...found 100 items in 27 ms
Sep 03, 2025 2:31:59 PM org.javacs.JavaLanguageServer completion
INFO: completion: 28 document: file:///C:/Users/74993/Desktop/毕设/wll论文/java-language-server2/outputDir/LOC_4400.java
Sep 03, 2025 2:31:59 PM org.javacs.JavaLanguageServer didOpenTextDocument
INFO: #didOpenTextDocument# try call goto {"context":{"includeDeclaration":false},"textDocument":{"uri":"file:///C:/Users/74993/Desktop/%E6%AF%95%E8%AE%BE/wll%E8%AE%BA%E6%96%87/java-language-server2/outputDir/LOC_4800.java"},"position":{"line":58,"character":32}}
Sep 03, 2025 2:31:59 PM org.javacs.JavaLanguageServer didOpenTextDocument
INFO: #didOpenTextDocument# try call rename {"context":{"includeDeclaration":false},"textDocument":{"uri":"file:///C:/Users/74993/Desktop/%E6%AF%95%E8%AE%BE/wll%E8%AE%BA%E6%96%87/java-language-server2/outputDir/LOC_4800.java"},"position":{"line":58,"character":32}}
Sep 03, 2025 2:32:00 PM org.javacs.JavaLanguageServer rename
INFO: rename: 152 document: file:///C:/Users/74993/Desktop/毕设/wll论文/java-language-server2/outputDir/LOC_4800.java
Sep 03, 2025 2:32:00 PM org.javacs.JavaLanguageServer didOpenTextDocument
INFO: #didOpenTextDocument# try completion {"context":{"includeDeclaration":false},"textDocument":{"uri":"file:///C:/Users/74993/Desktop/%E6%AF%95%E8%AE%BE/wll%E8%AE%BA%E6%96%87/java-language-server2/outputDir/LOC_4800.java"},"position":{"line":58,"character":32}}
Sep 03, 2025 2:32:00 PM org.javacs.completion.CompletionProvider complete
INFO: Complete at LOC_4800.java(59,33)...
Sep 03, 2025 2:32:00 PM org.javacs.completion.CompletionProvider compileAndComplete
INFO: ...compiled in 23ms
Sep 03, 2025 2:32:00 PM org.javacs.completion.CompletionProvider logCompletionTiming
INFO: ...found 11 items in 27 ms
Sep 03, 2025 2:32:00 PM org.javacs.JavaLanguageServer completion
INFO: completion: 28 document: file:///C:/Users/74993/Desktop/毕设/wll论文/java-language-server2/outputDir/LOC_4800.java
Sep 03, 2025 2:32:00 PM org.javacs.JavaLanguageServer didOpenTextDocument
INFO: #didOpenTextDocument# try call goto {"context":{"includeDeclaration":false},"textDocument":{"uri":"file:///C:/Users/74993/Desktop/%E6%AF%95%E8%AE%BE/wll%E8%AE%BA%E6%96%87/java-language-server2/outputDir/LOC_4800.java"},"position":{"line":4790,"character":37}}
Sep 03, 2025 2:32:00 PM org.javacs.JavaLanguageServer didOpenTextDocument
INFO: #didOpenTextDocument# try call rename {"context":{"includeDeclaration":false},"textDocument":{"uri":"file:///C:/Users/74993/Desktop/%E6%AF%95%E8%AE%BE/wll%E8%AE%BA%E6%96%87/java-language-server2/outputDir/LOC_4800.java"},"position":{"line":4790,"character":37}}
Sep 03, 2025 2:32:00 PM org.javacs.JavaLanguageServer rename
INFO: rename: 152 document: file:///C:/Users/74993/Desktop/毕设/wll论文/java-language-server2/outputDir/LOC_4800.java
Sep 03, 2025 2:32:00 PM org.javacs.JavaLanguageServer didOpenTextDocument
INFO: #didOpenTextDocument# try completion {"context":{"includeDeclaration":false},"textDocument":{"uri":"file:///C:/Users/74993/Desktop/%E6%AF%95%E8%AE%BE/wll%E8%AE%BA%E6%96%87/java-language-server2/outputDir/LOC_4800.java"},"position":{"line":4790,"character":37}}
Sep 03, 2025 2:32:00 PM org.javacs.completion.CompletionProvider complete
INFO: Complete at LOC_4800.java(4791,38)...
Sep 03, 2025 2:32:00 PM org.javacs.completion.CompletionProvider compileAndComplete
INFO: ...compiled in 22ms
Sep 03, 2025 2:32:00 PM org.javacs.completion.CompletionProvider completeIdentifier
INFO: ...complete identifiers
Sep 03, 2025 2:32:00 PM org.javacs.completion.CompletionProvider completeUsingScope
INFO: ...found 15 scope members
Sep 03, 2025 2:32:00 PM org.javacs.completion.CompletionProvider addStaticImports
INFO: ...found 0 static imports
Sep 03, 2025 2:32:00 PM org.javacs.completion.CompletionProvider logCompletionTiming
INFO: ...found 42 items in 27 ms
Sep 03, 2025 2:32:00 PM org.javacs.JavaLanguageServer completion
INFO: completion: 27 document: file:///C:/Users/74993/Desktop/毕设/wll论文/java-language-server2/outputDir/LOC_4800.java
Sep 03, 2025 2:32:00 PM org.javacs.JavaLanguageServer didOpenTextDocument
INFO: #didOpenTextDocument# try call goto {"context":{"includeDeclaration":false},"textDocument":{"uri":"file:///C:/Users/74993/Desktop/%E6%AF%95%E8%AE%BE/wll%E8%AE%BA%E6%96%87/java-language-server2/outputDir/LOC_5200.java"},"position":{"line":73,"character":31}}
Sep 03, 2025 2:32:00 PM org.javacs.JavaLanguageServer didOpenTextDocument
INFO: #didOpenTextDocument# try call rename {"context":{"includeDeclaration":false},"textDocument":{"uri":"file:///C:/Users/74993/Desktop/%E6%AF%95%E8%AE%BE/wll%E8%AE%BA%E6%96%87/java-language-server2/outputDir/LOC_5200.java"},"position":{"line":73,"character":31}}
Sep 03, 2025 2:32:01 PM org.javacs.JavaLanguageServer rename
INFO: rename: 179 document: file:///C:/Users/74993/Desktop/毕设/wll论文/java-language-server2/outputDir/LOC_5200.java
Sep 03, 2025 2:32:01 PM org.javacs.JavaLanguageServer didOpenTextDocument
INFO: #didOpenTextDocument# try completion {"context":{"includeDeclaration":false},"textDocument":{"uri":"file:///C:/Users/74993/Desktop/%E6%AF%95%E8%AE%BE/wll%E8%AE%BA%E6%96%87/java-language-server2/outputDir/LOC_5200.java"},"position":{"line":73,"character":31}}
Sep 03, 2025 2:32:01 PM org.javacs.completion.CompletionProvider complete
INFO: Complete at LOC_5200.java(74,32)...
Sep 03, 2025 2:32:01 PM org.javacs.completion.CompletionProvider compileAndComplete
INFO: ...compiled in 23ms
Sep 03, 2025 2:32:01 PM org.javacs.completion.CompletionProvider logCompletionTiming
INFO: ...found 11 items in 26 ms
Sep 03, 2025 2:32:01 PM org.javacs.JavaLanguageServer completion
INFO: completion: 26 document: file:///C:/Users/74993/Desktop/毕设/wll论文/java-language-server2/outputDir/LOC_5200.java
Sep 03, 2025 2:32:01 PM org.javacs.JavaLanguageServer didOpenTextDocument
INFO: #didOpenTextDocument# try call goto {"context":{"includeDeclaration":false},"textDocument":{"uri":"file:///C:/Users/74993/Desktop/%E6%AF%95%E8%AE%BE/wll%E8%AE%BA%E6%96%87/java-language-server2/outputDir/LOC_5200.java"},"position":{"line":5158,"character":53}}
Sep 03, 2025 2:32:01 PM org.javacs.JavaLanguageServer didOpenTextDocument
INFO: #didOpenTextDocument# try call rename {"context":{"includeDeclaration":false},"textDocument":{"uri":"file:///C:/Users/74993/Desktop/%E6%AF%95%E8%AE%BE/wll%E8%AE%BA%E6%96%87/java-language-server2/outputDir/LOC_5200.java"},"position":{"line":5158,"character":53}}
Sep 03, 2025 2:32:01 PM org.javacs.JavaLanguageServer rename
INFO: rename: 174 document: file:///C:/Users/74993/Desktop/毕设/wll论文/java-language-server2/outputDir/LOC_5200.java
Sep 03, 2025 2:32:01 PM org.javacs.JavaLanguageServer didOpenTextDocument
INFO: #didOpenTextDocument# try completion {"context":{"includeDeclaration":false},"textDocument":{"uri":"file:///C:/Users/74993/Desktop/%E6%AF%95%E8%AE%BE/wll%E8%AE%BA%E6%96%87/java-language-server2/outputDir/LOC_5200.java"},"position":{"line":5158,"character":53}}
Sep 03, 2025 2:32:01 PM org.javacs.completion.CompletionProvider complete
INFO: Complete at LOC_5200.java(5159,54)...
Sep 03, 2025 2:32:01 PM org.javacs.completion.CompletionProvider compileAndComplete
INFO: ...compiled in 22ms
Sep 03, 2025 2:32:01 PM org.javacs.completion.CompletionProvider completeIdentifier
INFO: ...complete identifiers
Sep 03, 2025 2:32:01 PM org.javacs.completion.CompletionProvider completeUsingScope
INFO: ...found 3 scope members
Sep 03, 2025 2:32:01 PM org.javacs.completion.CompletionProvider addStaticImports
INFO: ...found 0 static imports
Sep 03, 2025 2:32:01 PM org.javacs.completion.CompletionProvider logCompletionTiming
INFO: ...found 30 items in 26 ms
Sep 03, 2025 2:32:01 PM org.javacs.JavaLanguageServer completion
INFO: completion: 26 document: file:///C:/Users/74993/Desktop/毕设/wll论文/java-language-server2/outputDir/LOC_5200.java
Sep 03, 2025 2:32:01 PM org.javacs.JavaLanguageServer didOpenTextDocument
INFO: #didOpenTextDocument# try call goto {"context":{"includeDeclaration":false},"textDocument":{"uri":"file:///C:/Users/74993/Desktop/%E6%AF%95%E8%AE%BE/wll%E8%AE%BA%E6%96%87/java-language-server2/outputDir/LOC_5600.java"},"position":{"line":73,"character":31}}
Sep 03, 2025 2:32:01 PM org.javacs.JavaLanguageServer didOpenTextDocument
INFO: #didOpenTextDocument# try call rename {"context":{"includeDeclaration":false},"textDocument":{"uri":"file:///C:/Users/74993/Desktop/%E6%AF%95%E8%AE%BE/wll%E8%AE%BA%E6%96%87/java-language-server2/outputDir/LOC_5600.java"},"position":{"line":73,"character":31}}
Sep 03, 2025 2:32:02 PM org.javacs.JavaLanguageServer rename
INFO: rename: 201 document: file:///C:/Users/74993/Desktop/毕设/wll论文/java-language-server2/outputDir/LOC_5600.java
Sep 03, 2025 2:32:02 PM org.javacs.JavaLanguageServer didOpenTextDocument
INFO: #didOpenTextDocument# try completion {"context":{"includeDeclaration":false},"textDocument":{"uri":"file:///C:/Users/74993/Desktop/%E6%AF%95%E8%AE%BE/wll%E8%AE%BA%E6%96%87/java-language-server2/outputDir/LOC_5600.java"},"position":{"line":73,"character":31}}
Sep 03, 2025 2:32:02 PM org.javacs.completion.CompletionProvider complete
INFO: Complete at LOC_5600.java(74,32)...
Sep 03, 2025 2:32:02 PM org.javacs.completion.CompletionProvider compileAndComplete
INFO: ...compiled in 25ms
Sep 03, 2025 2:32:02 PM org.javacs.completion.CompletionProvider logCompletionTiming
INFO: ...found 11 items in 28 ms
Sep 03, 2025 2:32:02 PM org.javacs.JavaLanguageServer completion
INFO: completion: 28 document: file:///C:/Users/74993/Desktop/毕设/wll论文/java-language-server2/outputDir/LOC_5600.java
Sep 03, 2025 2:32:02 PM org.javacs.JavaLanguageServer didOpenTextDocument
INFO: #didOpenTextDocument# try call goto {"context":{"includeDeclaration":false},"textDocument":{"uri":"file:///C:/Users/74993/Desktop/%E6%AF%95%E8%AE%BE/wll%E8%AE%BA%E6%96%87/java-language-server2/outputDir/LOC_5600.java"},"position":{"line":5590,"character":28}}
Sep 03, 2025 2:32:02 PM org.javacs.JavaLanguageServer didOpenTextDocument
INFO: #didOpenTextDocument# try call rename {"context":{"includeDeclaration":false},"textDocument":{"uri":"file:///C:/Users/74993/Desktop/%E6%AF%95%E8%AE%BE/wll%E8%AE%BA%E6%96%87/java-language-server2/outputDir/LOC_5600.java"},"position":{"line":5590,"character":28}}
Sep 03, 2025 2:32:02 PM org.javacs.JavaLanguageServer rename
INFO: rename: 199 document: file:///C:/Users/74993/Desktop/毕设/wll论文/java-language-server2/outputDir/LOC_5600.java
Sep 03, 2025 2:32:02 PM org.javacs.JavaLanguageServer didOpenTextDocument
INFO: #didOpenTextDocument# try completion {"context":{"includeDeclaration":false},"textDocument":{"uri":"file:///C:/Users/74993/Desktop/%E6%AF%95%E8%AE%BE/wll%E8%AE%BA%E6%96%87/java-language-server2/outputDir/LOC_5600.java"},"position":{"line":5590,"character":28}}
Sep 03, 2025 2:32:02 PM org.javacs.completion.CompletionProvider complete
INFO: Complete at LOC_5600.java(5591,29)...
Sep 03, 2025 2:32:02 PM org.javacs.completion.CompletionProvider compileAndComplete
INFO: ...compiled in 24ms
Sep 03, 2025 2:32:02 PM org.javacs.completion.CompletionProvider completeIdentifier
INFO: ...complete identifiers
Sep 03, 2025 2:32:02 PM org.javacs.completion.CompletionProvider completeUsingScope
INFO: ...found 23 scope members
Sep 03, 2025 2:32:02 PM org.javacs.completion.CompletionProvider addStaticImports
INFO: ...found 0 static imports
Sep 03, 2025 2:32:02 PM org.javacs.completion.CompletionProvider logCompletionTiming
INFO: ...found 50 items in 28 ms
Sep 03, 2025 2:32:02 PM org.javacs.JavaLanguageServer completion
INFO: completion: 28 document: file:///C:/Users/74993/Desktop/毕设/wll论文/java-language-server2/outputDir/LOC_5600.java
Sep 03, 2025 2:32:02 PM org.javacs.JavaLanguageServer didOpenTextDocument
INFO: #didOpenTextDocument# try call goto {"context":{"includeDeclaration":false},"textDocument":{"uri":"file:///C:/Users/74993/Desktop/%E6%AF%95%E8%AE%BE/wll%E8%AE%BA%E6%96%87/java-language-server2/outputDir/LOC_6000.java"},"position":{"line":73,"character":31}}
Sep 03, 2025 2:32:02 PM org.javacs.JavaLanguageServer didOpenTextDocument
INFO: #didOpenTextDocument# try call rename {"context":{"includeDeclaration":false},"textDocument":{"uri":"file:///C:/Users/74993/Desktop/%E6%AF%95%E8%AE%BE/wll%E8%AE%BA%E6%96%87/java-language-server2/outputDir/LOC_6000.java"},"position":{"line":73,"character":31}}
Sep 03, 2025 2:32:03 PM org.javacs.JavaLanguageServer rename
INFO: rename: 197 document: file:///C:/Users/74993/Desktop/毕设/wll论文/java-language-server2/outputDir/LOC_6000.java
Sep 03, 2025 2:32:03 PM org.javacs.JavaLanguageServer didOpenTextDocument
INFO: #didOpenTextDocument# try completion {"context":{"includeDeclaration":false},"textDocument":{"uri":"file:///C:/Users/74993/Desktop/%E6%AF%95%E8%AE%BE/wll%E8%AE%BA%E6%96%87/java-language-server2/outputDir/LOC_6000.java"},"position":{"line":73,"character":31}}
Sep 03, 2025 2:32:03 PM org.javacs.completion.CompletionProvider complete
INFO: Complete at LOC_6000.java(74,32)...
Sep 03, 2025 2:32:03 PM org.javacs.completion.CompletionProvider compileAndComplete
INFO: ...compiled in 24ms
Sep 03, 2025 2:32:03 PM org.javacs.completion.CompletionProvider logCompletionTiming
INFO: ...found 11 items in 27 ms
Sep 03, 2025 2:32:03 PM org.javacs.JavaLanguageServer completion
INFO: completion: 27 document: file:///C:/Users/74993/Desktop/毕设/wll论文/java-language-server2/outputDir/LOC_6000.java
Sep 03, 2025 2:32:03 PM org.javacs.JavaLanguageServer didOpenTextDocument
INFO: #didOpenTextDocument# try call goto {"context":{"includeDeclaration":false},"textDocument":{"uri":"file:///C:/Users/74993/Desktop/%E6%AF%95%E8%AE%BE/wll%E8%AE%BA%E6%96%87/java-language-server2/outputDir/LOC_6000.java"},"position":{"line":5993,"character":23}}
Sep 03, 2025 2:32:03 PM org.javacs.JavaLanguageServer didOpenTextDocument
INFO: #didOpenTextDocument# try call rename {"context":{"includeDeclaration":false},"textDocument":{"uri":"file:///C:/Users/74993/Desktop/%E6%AF%95%E8%AE%BE/wll%E8%AE%BA%E6%96%87/java-language-server2/outputDir/LOC_6000.java"},"position":{"line":5993,"character":23}}
Sep 03, 2025 2:32:03 PM org.javacs.JavaLanguageServer rename
INFO: rename: 214 document: file:///C:/Users/74993/Desktop/毕设/wll论文/java-language-server2/outputDir/LOC_6000.java
Sep 03, 2025 2:32:03 PM org.javacs.JavaLanguageServer didOpenTextDocument
INFO: #didOpenTextDocument# try completion {"context":{"includeDeclaration":false},"textDocument":{"uri":"file:///C:/Users/74993/Desktop/%E6%AF%95%E8%AE%BE/wll%E8%AE%BA%E6%96%87/java-language-server2/outputDir/LOC_6000.java"},"position":{"line":5993,"character":23}}
Sep 03, 2025 2:32:03 PM org.javacs.completion.CompletionProvider complete
INFO: Complete at LOC_6000.java(5994,24)...
Sep 03, 2025 2:32:03 PM org.javacs.completion.CompletionProvider compileAndComplete
INFO: ...compiled in 22ms
Sep 03, 2025 2:32:03 PM org.javacs.completion.CompletionProvider completeIdentifier
INFO: ...complete identifiers
Sep 03, 2025 2:32:03 PM org.javacs.completion.CompletionProvider completeUsingScope
INFO: ...found 10 scope members
Sep 03, 2025 2:32:03 PM org.javacs.completion.CompletionProvider addStaticImports
INFO: ...found 0 static imports
Sep 03, 2025 2:32:03 PM org.javacs.completion.CompletionProvider logCompletionTiming
INFO: ...found 37 items in 28 ms
Sep 03, 2025 2:32:03 PM org.javacs.JavaLanguageServer completion
INFO: completion: 29 document: file:///C:/Users/74993/Desktop/毕设/wll论文/java-language-server2/outputDir/LOC_6000.java
Sep 03, 2025 2:32:03 PM org.javacs.JavaLanguageServer didOpenTextDocument
INFO: #didOpenTextDocument# try call goto {"context":{"includeDeclaration":false},"textDocument":{"uri":"file:///C:/Users/74993/Desktop/%E6%AF%95%E8%AE%BE/wll%E8%AE%BA%E6%96%87/java-language-server2/outputDir/LOC_6400.java"},"position":{"line":73,"character":31}}
Sep 03, 2025 2:32:04 PM org.javacs.JavaLanguageServer didOpenTextDocument
INFO: #didOpenTextDocument# try call rename {"context":{"includeDeclaration":false},"textDocument":{"uri":"file:///C:/Users/74993/Desktop/%E6%AF%95%E8%AE%BE/wll%E8%AE%BA%E6%96%87/java-language-server2/outputDir/LOC_6400.java"},"position":{"line":73,"character":31}}
Sep 03, 2025 2:32:04 PM org.javacs.JavaLanguageServer rename
INFO: rename: 215 document: file:///C:/Users/74993/Desktop/毕设/wll论文/java-language-server2/outputDir/LOC_6400.java
Sep 03, 2025 2:32:04 PM org.javacs.JavaLanguageServer didOpenTextDocument
INFO: #didOpenTextDocument# try completion {"context":{"includeDeclaration":false},"textDocument":{"uri":"file:///C:/Users/74993/Desktop/%E6%AF%95%E8%AE%BE/wll%E8%AE%BA%E6%96%87/java-language-server2/outputDir/LOC_6400.java"},"position":{"line":73,"character":31}}
Sep 03, 2025 2:32:04 PM org.javacs.completion.CompletionProvider complete
INFO: Complete at LOC_6400.java(74,32)...
Sep 03, 2025 2:32:04 PM org.javacs.completion.CompletionProvider compileAndComplete
INFO: ...compiled in 24ms
Sep 03, 2025 2:32:04 PM org.javacs.completion.CompletionProvider logCompletionTiming
INFO: ...found 11 items in 28 ms
Sep 03, 2025 2:32:04 PM org.javacs.JavaLanguageServer completion
INFO: completion: 28 document: file:///C:/Users/74993/Desktop/毕设/wll论文/java-language-server2/outputDir/LOC_6400.java
Sep 03, 2025 2:32:04 PM org.javacs.JavaLanguageServer didOpenTextDocument
INFO: #didOpenTextDocument# try call goto {"context":{"includeDeclaration":false},"textDocument":{"uri":"file:///C:/Users/74993/Desktop/%E6%AF%95%E8%AE%BE/wll%E8%AE%BA%E6%96%87/java-language-server2/outputDir/LOC_6400.java"},"position":{"line":6351,"character":40}}
Sep 03, 2025 2:32:04 PM org.javacs.JavaLanguageServer didOpenTextDocument
INFO: #didOpenTextDocument# try call rename {"context":{"includeDeclaration":false},"textDocument":{"uri":"file:///C:/Users/74993/Desktop/%E6%AF%95%E8%AE%BE/wll%E8%AE%BA%E6%96%87/java-language-server2/outputDir/LOC_6400.java"},"position":{"line":6351,"character":40}}
Sep 03, 2025 2:32:04 PM org.javacs.JavaLanguageServer rename
INFO: rename: 220 document: file:///C:/Users/74993/Desktop/毕设/wll论文/java-language-server2/outputDir/LOC_6400.java
Sep 03, 2025 2:32:04 PM org.javacs.JavaLanguageServer didOpenTextDocument
INFO: #didOpenTextDocument# try completion {"context":{"includeDeclaration":false},"textDocument":{"uri":"file:///C:/Users/74993/Desktop/%E6%AF%95%E8%AE%BE/wll%E8%AE%BA%E6%96%87/java-language-server2/outputDir/LOC_6400.java"},"position":{"line":6351,"character":40}}
Sep 03, 2025 2:32:04 PM org.javacs.completion.CompletionProvider complete
INFO: Complete at LOC_6400.java(6352,41)...
Sep 03, 2025 2:32:04 PM org.javacs.completion.CompletionProvider compileAndComplete
INFO: ...compiled in 23ms
Sep 03, 2025 2:32:04 PM org.javacs.completion.CompletionProvider completeIdentifier
INFO: ...complete identifiers
Sep 03, 2025 2:32:04 PM org.javacs.completion.CompletionProvider completeUsingScope
INFO: ...found 73 scope members
Sep 03, 2025 2:32:04 PM org.javacs.completion.CompletionProvider addStaticImports
INFO: ...found 0 static imports
Sep 03, 2025 2:32:04 PM org.javacs.completion.CompletionProvider logCompletionTiming
INFO: ...found 100 items in 30 ms
Sep 03, 2025 2:32:04 PM org.javacs.JavaLanguageServer completion
INFO: completion: 30 document: file:///C:/Users/74993/Desktop/毕设/wll论文/java-language-server2/outputDir/LOC_6400.java
Sep 03, 2025 2:32:04 PM org.javacs.JavaLanguageServer didOpenTextDocument
INFO: #didOpenTextDocument# try call goto {"context":{"includeDeclaration":false},"textDocument":{"uri":"file:///C:/Users/74993/Desktop/%E6%AF%95%E8%AE%BE/wll%E8%AE%BA%E6%96%87/java-language-server2/outputDir/LOC_6800.java"},"position":{"line":73,"character":31}}
Sep 03, 2025 2:32:05 PM org.javacs.JavaLanguageServer didOpenTextDocument
INFO: #didOpenTextDocument# try call rename {"context":{"includeDeclaration":false},"textDocument":{"uri":"file:///C:/Users/74993/Desktop/%E6%AF%95%E8%AE%BE/wll%E8%AE%BA%E6%96%87/java-language-server2/outputDir/LOC_6800.java"},"position":{"line":73,"character":31}}
Sep 03, 2025 2:32:05 PM org.javacs.JavaLanguageServer rename
INFO: rename: 250 document: file:///C:/Users/74993/Desktop/毕设/wll论文/java-language-server2/outputDir/LOC_6800.java
Sep 03, 2025 2:32:05 PM org.javacs.JavaLanguageServer didOpenTextDocument
INFO: #didOpenTextDocument# try completion {"context":{"includeDeclaration":false},"textDocument":{"uri":"file:///C:/Users/74993/Desktop/%E6%AF%95%E8%AE%BE/wll%E8%AE%BA%E6%96%87/java-language-server2/outputDir/LOC_6800.java"},"position":{"line":73,"character":31}}
Sep 03, 2025 2:32:05 PM org.javacs.completion.CompletionProvider complete
INFO: Complete at LOC_6800.java(74,32)...
Sep 03, 2025 2:32:05 PM org.javacs.completion.CompletionProvider compileAndComplete
INFO: ...compiled in 23ms
Sep 03, 2025 2:32:05 PM org.javacs.completion.CompletionProvider logCompletionTiming
INFO: ...found 11 items in 27 ms
Sep 03, 2025 2:32:05 PM org.javacs.JavaLanguageServer completion
INFO: completion: 27 document: file:///C:/Users/74993/Desktop/毕设/wll论文/java-language-server2/outputDir/LOC_6800.java
Sep 03, 2025 2:32:05 PM org.javacs.JavaLanguageServer didOpenTextDocument
INFO: #didOpenTextDocument# try call goto {"context":{"includeDeclaration":false},"textDocument":{"uri":"file:///C:/Users/74993/Desktop/%E6%AF%95%E8%AE%BE/wll%E8%AE%BA%E6%96%87/java-language-server2/outputDir/LOC_6800.java"},"position":{"line":6793,"character":67}}
Sep 03, 2025 2:32:05 PM org.javacs.JavaLanguageServer didOpenTextDocument
INFO: #didOpenTextDocument# try call rename {"context":{"includeDeclaration":false},"textDocument":{"uri":"file:///C:/Users/74993/Desktop/%E6%AF%95%E8%AE%BE/wll%E8%AE%BA%E6%96%87/java-language-server2/outputDir/LOC_6800.java"},"position":{"line":6793,"character":67}}
Sep 03, 2025 2:32:06 PM org.javacs.JavaLanguageServer rename
INFO: rename: 231 document: file:///C:/Users/74993/Desktop/毕设/wll论文/java-language-server2/outputDir/LOC_6800.java
Sep 03, 2025 2:32:06 PM org.javacs.JavaLanguageServer didOpenTextDocument
INFO: #didOpenTextDocument# try completion {"context":{"includeDeclaration":false},"textDocument":{"uri":"file:///C:/Users/74993/Desktop/%E6%AF%95%E8%AE%BE/wll%E8%AE%BA%E6%96%87/java-language-server2/outputDir/LOC_6800.java"},"position":{"line":6793,"character":67}}
Sep 03, 2025 2:32:06 PM org.javacs.completion.CompletionProvider complete
INFO: Complete at LOC_6800.java(6794,68)...
Sep 03, 2025 2:32:06 PM org.javacs.completion.CompletionProvider compileAndComplete
INFO: ...compiled in 23ms
Sep 03, 2025 2:32:06 PM org.javacs.completion.CompletionProvider logCompletionTiming
INFO: ...found 11 items in 26 ms
Sep 03, 2025 2:32:06 PM org.javacs.JavaLanguageServer completion
INFO: completion: 26 document: file:///C:/Users/74993/Desktop/毕设/wll论文/java-language-server2/outputDir/LOC_6800.java
Sep 03, 2025 2:32:06 PM org.javacs.JavaLanguageServer didOpenTextDocument
INFO: #didOpenTextDocument# try call goto {"context":{"includeDeclaration":false},"textDocument":{"uri":"file:///C:/Users/74993/Desktop/%E6%AF%95%E8%AE%BE/wll%E8%AE%BA%E6%96%87/java-language-server2/outputDir/LOC_7200.java"},"position":{"line":73,"character":31}}
Sep 03, 2025 2:32:06 PM org.javacs.JavaLanguageServer didOpenTextDocument
INFO: #didOpenTextDocument# try call rename {"context":{"includeDeclaration":false},"textDocument":{"uri":"file:///C:/Users/74993/Desktop/%E6%AF%95%E8%AE%BE/wll%E8%AE%BA%E6%96%87/java-language-server2/outputDir/LOC_7200.java"},"position":{"line":73,"character":31}}
Sep 03, 2025 2:32:06 PM org.javacs.JavaLanguageServer rename
INFO: rename: 236 document: file:///C:/Users/74993/Desktop/毕设/wll论文/java-language-server2/outputDir/LOC_7200.java
Sep 03, 2025 2:32:06 PM org.javacs.JavaLanguageServer didOpenTextDocument
INFO: #didOpenTextDocument# try completion {"context":{"includeDeclaration":false},"textDocument":{"uri":"file:///C:/Users/74993/Desktop/%E6%AF%95%E8%AE%BE/wll%E8%AE%BA%E6%96%87/java-language-server2/outputDir/LOC_7200.java"},"position":{"line":73,"character":31}}
Sep 03, 2025 2:32:06 PM org.javacs.completion.CompletionProvider complete
INFO: Complete at LOC_7200.java(74,32)...
Sep 03, 2025 2:32:06 PM org.javacs.completion.CompletionProvider compileAndComplete
INFO: ...compiled in 29ms
Sep 03, 2025 2:32:06 PM org.javacs.completion.CompletionProvider logCompletionTiming
INFO: ...found 11 items in 32 ms
Sep 03, 2025 2:32:06 PM org.javacs.JavaLanguageServer completion
INFO: completion: 32 document: file:///C:/Users/74993/Desktop/毕设/wll论文/java-language-server2/outputDir/LOC_7200.java
Sep 03, 2025 2:32:06 PM org.javacs.JavaLanguageServer didOpenTextDocument
INFO: #didOpenTextDocument# try call goto {"context":{"includeDeclaration":false},"textDocument":{"uri":"file:///C:/Users/74993/Desktop/%E6%AF%95%E8%AE%BE/wll%E8%AE%BA%E6%96%87/java-language-server2/outputDir/LOC_7200.java"},"position":{"line":7183,"character":42}}
Sep 03, 2025 2:32:07 PM org.javacs.JavaCompilerService findPublicTypeDeclarationInJdk
INFO: ...found jar:file:///C:/Program%20Files/Java/jdk-22/lib/src.zip!/java.base/java/lang/String.java in module java.base of jdk
Sep 03, 2025 2:32:07 PM org.javacs.JavaLanguageServer didOpenTextDocument
INFO: #didOpenTextDocument# try call rename {"context":{"includeDeclaration":false},"textDocument":{"uri":"file:///C:/Users/74993/Desktop/%E6%AF%95%E8%AE%BE/wll%E8%AE%BA%E6%96%87/java-language-server2/outputDir/LOC_7200.java"},"position":{"line":7183,"character":42}}
Sep 03, 2025 2:32:08 PM org.javacs.JavaLanguageServer rename
INFO: rename: 346 document: file:///C:/Users/74993/Desktop/毕设/wll论文/java-language-server2/outputDir/LOC_7200.java
Sep 03, 2025 2:32:08 PM org.javacs.JavaLanguageServer didOpenTextDocument
INFO: #didOpenTextDocument# try completion {"context":{"includeDeclaration":false},"textDocument":{"uri":"file:///C:/Users/74993/Desktop/%E6%AF%95%E8%AE%BE/wll%E8%AE%BA%E6%96%87/java-language-server2/outputDir/LOC_7200.java"},"position":{"line":7183,"character":42}}
Sep 03, 2025 2:32:08 PM org.javacs.completion.CompletionProvider complete
INFO: Complete at LOC_7200.java(7184,43)...
Sep 03, 2025 2:32:08 PM org.javacs.completion.CompletionProvider compileAndComplete
INFO: ...compiled in 28ms
Sep 03, 2025 2:32:08 PM org.javacs.completion.CompletionProvider completeIdentifier
INFO: ...complete identifiers
Sep 03, 2025 2:32:08 PM org.javacs.completion.CompletionProvider completeUsingScope
INFO: ...found 20 scope members
Sep 03, 2025 2:32:08 PM org.javacs.completion.CompletionProvider addStaticImports
INFO: ...found 0 static imports
Sep 03, 2025 2:32:08 PM org.javacs.completion.CompletionProvider logCompletionTiming
INFO: ...found 47 items in 34 ms
Sep 03, 2025 2:32:08 PM org.javacs.JavaLanguageServer completion
INFO: completion: 34 document: file:///C:/Users/74993/Desktop/毕设/wll论文/java-language-server2/outputDir/LOC_7200.java
Sep 03, 2025 2:32:08 PM org.javacs.JavaLanguageServer didOpenTextDocument
INFO: #didOpenTextDocument# try call goto {"context":{"includeDeclaration":false},"textDocument":{"uri":"file:///C:/Users/74993/Desktop/%E6%AF%95%E8%AE%BE/wll%E8%AE%BA%E6%96%87/java-language-server2/outputDir/LOC_7600.java"},"position":{"line":73,"character":31}}
Sep 03, 2025 2:32:08 PM org.javacs.JavaLanguageServer didOpenTextDocument
INFO: #didOpenTextDocument# try call rename {"context":{"includeDeclaration":false},"textDocument":{"uri":"file:///C:/Users/74993/Desktop/%E6%AF%95%E8%AE%BE/wll%E8%AE%BA%E6%96%87/java-language-server2/outputDir/LOC_7600.java"},"position":{"line":73,"character":31}}
Sep 03, 2025 2:32:09 PM org.javacs.JavaLanguageServer rename
INFO: rename: 313 document: file:///C:/Users/74993/Desktop/毕设/wll论文/java-language-server2/outputDir/LOC_7600.java
Sep 03, 2025 2:32:09 PM org.javacs.JavaLanguageServer didOpenTextDocument
INFO: #didOpenTextDocument# try completion {"context":{"includeDeclaration":false},"textDocument":{"uri":"file:///C:/Users/74993/Desktop/%E6%AF%95%E8%AE%BE/wll%E8%AE%BA%E6%96%87/java-language-server2/outputDir/LOC_7600.java"},"position":{"line":73,"character":31}}
Sep 03, 2025 2:32:09 PM org.javacs.completion.CompletionProvider complete
INFO: Complete at LOC_7600.java(74,32)...
Sep 03, 2025 2:32:09 PM org.javacs.completion.CompletionProvider compileAndComplete
INFO: ...compiled in 39ms
Sep 03, 2025 2:32:09 PM org.javacs.completion.CompletionProvider logCompletionTiming
INFO: ...found 11 items in 42 ms
Sep 03, 2025 2:32:09 PM org.javacs.JavaLanguageServer completion
INFO: completion: 42 document: file:///C:/Users/74993/Desktop/毕设/wll论文/java-language-server2/outputDir/LOC_7600.java
Sep 03, 2025 2:32:09 PM org.javacs.JavaLanguageServer didOpenTextDocument
INFO: #didOpenTextDocument# try call goto {"context":{"includeDeclaration":false},"textDocument":{"uri":"file:///C:/Users/74993/Desktop/%E6%AF%95%E8%AE%BE/wll%E8%AE%BA%E6%96%87/java-language-server2/outputDir/LOC_7600.java"},"position":{"line":7569,"character":26}}
Sep 03, 2025 2:32:09 PM org.javacs.JavaCompilerService findPublicTypeDeclarationInJdk
INFO: ...found jar:file:///C:/Program%20Files/Java/jdk-22/lib/src.zip!/java.base/java/lang/Object.java in module java.base of jdk
Sep 03, 2025 2:32:10 PM org.javacs.JavaLanguageServer didOpenTextDocument
INFO: #didOpenTextDocument# try call rename {"context":{"includeDeclaration":false},"textDocument":{"uri":"file:///C:/Users/74993/Desktop/%E6%AF%95%E8%AE%BE/wll%E8%AE%BA%E6%96%87/java-language-server2/outputDir/LOC_7600.java"},"position":{"line":7569,"character":26}}
Sep 03, 2025 2:32:10 PM org.javacs.JavaLanguageServer rename
INFO: rename: 366 document: file:///C:/Users/74993/Desktop/毕设/wll论文/java-language-server2/outputDir/LOC_7600.java
Sep 03, 2025 2:32:10 PM org.javacs.JavaLanguageServer didOpenTextDocument
INFO: #didOpenTextDocument# try completion {"context":{"includeDeclaration":false},"textDocument":{"uri":"file:///C:/Users/74993/Desktop/%E6%AF%95%E8%AE%BE/wll%E8%AE%BA%E6%96%87/java-language-server2/outputDir/LOC_7600.java"},"position":{"line":7569,"character":26}}
Sep 03, 2025 2:32:10 PM org.javacs.completion.CompletionProvider complete
INFO: Complete at LOC_7600.java(7570,27)...
Sep 03, 2025 2:32:10 PM org.javacs.completion.CompletionProvider compileAndComplete
INFO: ...compiled in 26ms
Sep 03, 2025 2:32:10 PM org.javacs.completion.CompletionProvider completeIdentifier
INFO: ...complete identifiers
Sep 03, 2025 2:32:10 PM org.javacs.completion.CompletionProvider completeUsingScope
INFO: ...found 17 scope members
Sep 03, 2025 2:32:10 PM org.javacs.completion.CompletionProvider addStaticImports
INFO: ...found 0 static imports
Sep 03, 2025 2:32:10 PM org.javacs.completion.CompletionProvider logCompletionTiming
INFO: ...found 44 items in 31 ms
Sep 03, 2025 2:32:10 PM org.javacs.JavaLanguageServer completion
INFO: completion: 31 document: file:///C:/Users/74993/Desktop/毕设/wll论文/java-language-server2/outputDir/LOC_7600.java
Sep 03, 2025 2:32:10 PM org.javacs.JavaLanguageServer didOpenTextDocument
INFO: #didOpenTextDocument# try call goto {"context":{"includeDeclaration":false},"textDocument":{"uri":"file:///C:/Users/74993/Desktop/%E6%AF%95%E8%AE%BE/wll%E8%AE%BA%E6%96%87/java-language-server2/outputDir/LOC_800.java"},"position":{"line":51,"character":29}}
Sep 03, 2025 2:32:10 PM org.javacs.JavaLanguageServer didOpenTextDocument
INFO: #didOpenTextDocument# try call rename {"context":{"includeDeclaration":false},"textDocument":{"uri":"file:///C:/Users/74993/Desktop/%E6%AF%95%E8%AE%BE/wll%E8%AE%BA%E6%96%87/java-language-server2/outputDir/LOC_800.java"},"position":{"line":51,"character":29}}
Sep 03, 2025 2:32:10 PM org.javacs.JavaLanguageServer rename
INFO: rename: 28 document: file:///C:/Users/74993/Desktop/毕设/wll论文/java-language-server2/outputDir/LOC_800.java
Sep 03, 2025 2:32:10 PM org.javacs.JavaLanguageServer didOpenTextDocument
INFO: #didOpenTextDocument# try completion {"context":{"includeDeclaration":false},"textDocument":{"uri":"file:///C:/Users/74993/Desktop/%E6%AF%95%E8%AE%BE/wll%E8%AE%BA%E6%96%87/java-language-server2/outputDir/LOC_800.java"},"position":{"line":51,"character":29}}
Sep 03, 2025 2:32:10 PM org.javacs.completion.CompletionProvider complete
INFO: Complete at LOC_800.java(52,30)...
Sep 03, 2025 2:32:10 PM org.javacs.completion.CompletionProvider compileAndComplete
INFO: ...compiled in 10ms
Sep 03, 2025 2:32:10 PM org.javacs.completion.CompletionProvider logCompletionTiming
INFO: ...found 11 items in 10 ms
Sep 03, 2025 2:32:10 PM org.javacs.JavaLanguageServer completion
INFO: completion: 10 document: file:///C:/Users/74993/Desktop/毕设/wll论文/java-language-server2/outputDir/LOC_800.java
Sep 03, 2025 2:32:10 PM org.javacs.JavaLanguageServer didOpenTextDocument
INFO: #didOpenTextDocument# try call goto {"context":{"includeDeclaration":false},"textDocument":{"uri":"file:///C:/Users/74993/Desktop/%E6%AF%95%E8%AE%BE/wll%E8%AE%BA%E6%96%87/java-language-server2/outputDir/LOC_800.java"},"position":{"line":779,"character":28}}
Sep 03, 2025 2:32:10 PM org.javacs.JavaLanguageServer didOpenTextDocument
INFO: #didOpenTextDocument# try call rename {"context":{"includeDeclaration":false},"textDocument":{"uri":"file:///C:/Users/74993/Desktop/%E6%AF%95%E8%AE%BE/wll%E8%AE%BA%E6%96%87/java-language-server2/outputDir/LOC_800.java"},"position":{"line":779,"character":28}}
Sep 03, 2025 2:32:10 PM org.javacs.JavaLanguageServer rename
INFO: rename: 29 document: file:///C:/Users/74993/Desktop/毕设/wll论文/java-language-server2/outputDir/LOC_800.java
Sep 03, 2025 2:32:10 PM org.javacs.JavaLanguageServer didOpenTextDocument
INFO: #didOpenTextDocument# try completion {"context":{"includeDeclaration":false},"textDocument":{"uri":"file:///C:/Users/74993/Desktop/%E6%AF%95%E8%AE%BE/wll%E8%AE%BA%E6%96%87/java-language-server2/outputDir/LOC_800.java"},"position":{"line":779,"character":28}}
Sep 03, 2025 2:32:10 PM org.javacs.completion.CompletionProvider complete
INFO: Complete at LOC_800.java(780,29)...
Sep 03, 2025 2:32:10 PM org.javacs.completion.CompletionProvider compileAndComplete
INFO: ...compiled in 10ms
Sep 03, 2025 2:32:10 PM org.javacs.completion.CompletionProvider completeIdentifier
INFO: ...complete identifiers
Sep 03, 2025 2:32:10 PM org.javacs.completion.CompletionProvider completeUsingScope
INFO: ...found 55 scope members
Sep 03, 2025 2:32:10 PM org.javacs.completion.CompletionProvider addStaticImports
INFO: ...found 0 static imports
Sep 03, 2025 2:32:10 PM org.javacs.completion.CompletionProvider logCompletionTiming
INFO: ...found 82 items in 14 ms
Sep 03, 2025 2:32:10 PM org.javacs.JavaLanguageServer completion
INFO: completion: 14 document: file:///C:/Users/74993/Desktop/毕设/wll论文/java-language-server2/outputDir/LOC_800.java
Sep 03, 2025 2:32:10 PM org.javacs.JavaLanguageServer didOpenTextDocument
INFO: #didOpenTextDocument# try call goto {"context":{"includeDeclaration":false},"textDocument":{"uri":"file:///C:/Users/74993/Desktop/%E6%AF%95%E8%AE%BE/wll%E8%AE%BA%E6%96%87/java-language-server2/outputDir/LOC_8000.java"},"position":{"line":73,"character":31}}
Sep 03, 2025 2:32:11 PM org.javacs.JavaLanguageServer didOpenTextDocument
INFO: #didOpenTextDocument# try call rename {"context":{"includeDeclaration":false},"textDocument":{"uri":"file:///C:/Users/74993/Desktop/%E6%AF%95%E8%AE%BE/wll%E8%AE%BA%E6%96%87/java-language-server2/outputDir/LOC_8000.java"},"position":{"line":73,"character":31}}
Sep 03, 2025 2:32:11 PM org.javacs.JavaLanguageServer rename
INFO: rename: 284 document: file:///C:/Users/74993/Desktop/毕设/wll论文/java-language-server2/outputDir/LOC_8000.java
Sep 03, 2025 2:32:11 PM org.javacs.JavaLanguageServer didOpenTextDocument
INFO: #didOpenTextDocument# try completion {"context":{"includeDeclaration":false},"textDocument":{"uri":"file:///C:/Users/74993/Desktop/%E6%AF%95%E8%AE%BE/wll%E8%AE%BA%E6%96%87/java-language-server2/outputDir/LOC_8000.java"},"position":{"line":73,"character":31}}
Sep 03, 2025 2:32:11 PM org.javacs.completion.CompletionProvider complete
INFO: Complete at LOC_8000.java(74,32)...
Sep 03, 2025 2:32:11 PM org.javacs.completion.CompletionProvider compileAndComplete
INFO: ...compiled in 28ms
Sep 03, 2025 2:32:11 PM org.javacs.completion.CompletionProvider logCompletionTiming
INFO: ...found 11 items in 49 ms
Sep 03, 2025 2:32:11 PM org.javacs.JavaLanguageServer completion
INFO: completion: 50 document: file:///C:/Users/74993/Desktop/毕设/wll论文/java-language-server2/outputDir/LOC_8000.java
Sep 03, 2025 2:32:11 PM org.javacs.JavaLanguageServer didOpenTextDocument
INFO: #didOpenTextDocument# try call goto {"context":{"includeDeclaration":false},"textDocument":{"uri":"file:///C:/Users/74993/Desktop/%E6%AF%95%E8%AE%BE/wll%E8%AE%BA%E6%96%87/java-language-server2/outputDir/LOC_8000.java"},"position":{"line":7959,"character":30}}
Sep 03, 2025 2:32:11 PM org.javacs.JavaLanguageServer didOpenTextDocument
INFO: #didOpenTextDocument# try call rename {"context":{"includeDeclaration":false},"textDocument":{"uri":"file:///C:/Users/74993/Desktop/%E6%AF%95%E8%AE%BE/wll%E8%AE%BA%E6%96%87/java-language-server2/outputDir/LOC_8000.java"},"position":{"line":7959,"character":30}}
Sep 03, 2025 2:32:12 PM org.javacs.JavaLanguageServer rename
INFO: rename: 275 document: file:///C:/Users/74993/Desktop/毕设/wll论文/java-language-server2/outputDir/LOC_8000.java
Sep 03, 2025 2:32:12 PM org.javacs.JavaLanguageServer didOpenTextDocument
INFO: #didOpenTextDocument# try completion {"context":{"includeDeclaration":false},"textDocument":{"uri":"file:///C:/Users/74993/Desktop/%E6%AF%95%E8%AE%BE/wll%E8%AE%BA%E6%96%87/java-language-server2/outputDir/LOC_8000.java"},"position":{"line":7959,"character":30}}
Sep 03, 2025 2:32:12 PM org.javacs.completion.CompletionProvider complete
INFO: Complete at LOC_8000.java(7960,31)...
Sep 03, 2025 2:32:12 PM org.javacs.completion.CompletionProvider compileAndComplete
INFO: ...compiled in 38ms
Sep 03, 2025 2:32:12 PM org.javacs.completion.CompletionProvider completeIdentifier
INFO: ...complete identifiers
Sep 03, 2025 2:32:12 PM org.javacs.completion.CompletionProvider completeUsingScope
INFO: ...found 192 scope members
Sep 03, 2025 2:32:12 PM org.javacs.completion.CompletionProvider addStaticImports
INFO: ...found 0 static imports
Sep 03, 2025 2:32:12 PM org.javacs.completion.CompletionProvider logCompletionTiming
INFO: ...found 219 items in 54 ms
Sep 03, 2025 2:32:12 PM org.javacs.JavaLanguageServer completion
INFO: completion: 54 document: file:///C:/Users/74993/Desktop/毕设/wll论文/java-language-server2/outputDir/LOC_8000.java
Sep 03, 2025 2:32:12 PM org.javacs.JavaLanguageServer didOpenTextDocument
INFO: #didOpenTextDocument# try call goto {"context":{"includeDeclaration":false},"textDocument":{"uri":"file:///C:/Users/74993/Desktop/%E6%AF%95%E8%AE%BE/wll%E8%AE%BA%E6%96%87/java-language-server2/outputDir/LOC_8400.java"},"position":{"line":73,"character":31}}
Sep 03, 2025 2:32:12 PM org.javacs.JavaLanguageServer didOpenTextDocument
INFO: #didOpenTextDocument# try call rename {"context":{"includeDeclaration":false},"textDocument":{"uri":"file:///C:/Users/74993/Desktop/%E6%AF%95%E8%AE%BE/wll%E8%AE%BA%E6%96%87/java-language-server2/outputDir/LOC_8400.java"},"position":{"line":73,"character":31}}
Sep 03, 2025 2:32:13 PM org.javacs.JavaLanguageServer rename
INFO: rename: 272 document: file:///C:/Users/74993/Desktop/毕设/wll论文/java-language-server2/outputDir/LOC_8400.java
Sep 03, 2025 2:32:13 PM org.javacs.JavaLanguageServer didOpenTextDocument
INFO: #didOpenTextDocument# try completion {"context":{"includeDeclaration":false},"textDocument":{"uri":"file:///C:/Users/74993/Desktop/%E6%AF%95%E8%AE%BE/wll%E8%AE%BA%E6%96%87/java-language-server2/outputDir/LOC_8400.java"},"position":{"line":73,"character":31}}
Sep 03, 2025 2:32:13 PM org.javacs.completion.CompletionProvider complete
INFO: Complete at LOC_8400.java(74,32)...
Sep 03, 2025 2:32:13 PM org.javacs.completion.CompletionProvider compileAndComplete
INFO: ...compiled in 26ms
Sep 03, 2025 2:32:13 PM org.javacs.completion.CompletionProvider logCompletionTiming
INFO: ...found 11 items in 30 ms
Sep 03, 2025 2:32:13 PM org.javacs.JavaLanguageServer completion
INFO: completion: 31 document: file:///C:/Users/74993/Desktop/毕设/wll论文/java-language-server2/outputDir/LOC_8400.java
Sep 03, 2025 2:32:13 PM org.javacs.JavaLanguageServer didOpenTextDocument
INFO: #didOpenTextDocument# try call goto {"context":{"includeDeclaration":false},"textDocument":{"uri":"file:///C:/Users/74993/Desktop/%E6%AF%95%E8%AE%BE/wll%E8%AE%BA%E6%96%87/java-language-server2/outputDir/LOC_8400.java"},"position":{"line":8389,"character":46}}
Sep 03, 2025 2:32:13 PM org.javacs.JavaCompilerService findPublicTypeDeclarationInJdk
INFO: ...found jar:file:///C:/Program%20Files/Java/jdk-22/lib/src.zip!/java.base/java/lang/Object.java in module java.base of jdk
Sep 03, 2025 2:32:13 PM org.javacs.JavaLanguageServer didOpenTextDocument
INFO: #didOpenTextDocument# try call rename {"context":{"includeDeclaration":false},"textDocument":{"uri":"file:///C:/Users/74993/Desktop/%E6%AF%95%E8%AE%BE/wll%E8%AE%BA%E6%96%87/java-language-server2/outputDir/LOC_8400.java"},"position":{"line":8389,"character":46}}
Sep 03, 2025 2:32:14 PM org.javacs.JavaLanguageServer rename
INFO: rename: 335 document: file:///C:/Users/74993/Desktop/毕设/wll论文/java-language-server2/outputDir/LOC_8400.java
Sep 03, 2025 2:32:14 PM org.javacs.JavaLanguageServer didOpenTextDocument
INFO: #didOpenTextDocument# try completion {"context":{"includeDeclaration":false},"textDocument":{"uri":"file:///C:/Users/74993/Desktop/%E6%AF%95%E8%AE%BE/wll%E8%AE%BA%E6%96%87/java-language-server2/outputDir/LOC_8400.java"},"position":{"line":8389,"character":46}}
Sep 03, 2025 2:32:14 PM org.javacs.completion.CompletionProvider complete
INFO: Complete at LOC_8400.java(8390,47)...
Sep 03, 2025 2:32:14 PM org.javacs.completion.CompletionProvider compileAndComplete
INFO: ...compiled in 66ms
Sep 03, 2025 2:32:14 PM org.javacs.completion.CompletionProvider completeIdentifier
INFO: ...complete identifiers
Sep 03, 2025 2:32:14 PM org.javacs.completion.CompletionProvider completeUsingScope
INFO: ...found 6 scope members
Sep 03, 2025 2:32:14 PM org.javacs.completion.CompletionProvider addStaticImports
INFO: ...found 0 static imports
Sep 03, 2025 2:32:14 PM org.javacs.completion.CompletionProvider logCompletionTiming
INFO: ...found 33 items in 72 ms
Sep 03, 2025 2:32:14 PM org.javacs.JavaLanguageServer completion
INFO: completion: 73 document: file:///C:/Users/74993/Desktop/毕设/wll论文/java-language-server2/outputDir/LOC_8400.java
Sep 03, 2025 2:32:14 PM org.javacs.JavaLanguageServer didOpenTextDocument
INFO: #didOpenTextDocument# try call goto {"context":{"includeDeclaration":false},"textDocument":{"uri":"file:///C:/Users/74993/Desktop/%E6%AF%95%E8%AE%BE/wll%E8%AE%BA%E6%96%87/java-language-server2/outputDir/LOC_8800.java"},"position":{"line":73,"character":31}}
Sep 03, 2025 2:32:14 PM org.javacs.JavaLanguageServer didOpenTextDocument
INFO: #didOpenTextDocument# try call rename {"context":{"includeDeclaration":false},"textDocument":{"uri":"file:///C:/Users/74993/Desktop/%E6%AF%95%E8%AE%BE/wll%E8%AE%BA%E6%96%87/java-language-server2/outputDir/LOC_8800.java"},"position":{"line":73,"character":31}}
Sep 03, 2025 2:32:14 PM org.javacs.JavaLanguageServer rename
INFO: rename: 262 document: file:///C:/Users/74993/Desktop/毕设/wll论文/java-language-server2/outputDir/LOC_8800.java
Sep 03, 2025 2:32:14 PM org.javacs.JavaLanguageServer didOpenTextDocument
INFO: #didOpenTextDocument# try completion {"context":{"includeDeclaration":false},"textDocument":{"uri":"file:///C:/Users/74993/Desktop/%E6%AF%95%E8%AE%BE/wll%E8%AE%BA%E6%96%87/java-language-server2/outputDir/LOC_8800.java"},"position":{"line":73,"character":31}}
Sep 03, 2025 2:32:14 PM org.javacs.completion.CompletionProvider complete
INFO: Complete at LOC_8800.java(74,32)...
Sep 03, 2025 2:32:14 PM org.javacs.completion.CompletionProvider compileAndComplete
INFO: ...compiled in 27ms
Sep 03, 2025 2:32:14 PM org.javacs.completion.CompletionProvider logCompletionTiming
INFO: ...found 11 items in 31 ms
Sep 03, 2025 2:32:14 PM org.javacs.JavaLanguageServer completion
INFO: completion: 31 document: file:///C:/Users/74993/Desktop/毕设/wll论文/java-language-server2/outputDir/LOC_8800.java
Sep 03, 2025 2:32:14 PM org.javacs.JavaLanguageServer didOpenTextDocument
INFO: #didOpenTextDocument# try call goto {"context":{"includeDeclaration":false},"textDocument":{"uri":"file:///C:/Users/74993/Desktop/%E6%AF%95%E8%AE%BE/wll%E8%AE%BA%E6%96%87/java-language-server2/outputDir/LOC_8800.java"},"position":{"line":8742,"character":26}}
Sep 03, 2025 2:32:15 PM org.javacs.JavaCompilerService findPublicTypeDeclarationInJdk
INFO: ...found jar:file:///C:/Program%20Files/Java/jdk-22/lib/src.zip!/java.base/java/lang/Object.java in module java.base of jdk
Sep 03, 2025 2:32:15 PM org.javacs.JavaLanguageServer didOpenTextDocument
INFO: #didOpenTextDocument# try call rename {"context":{"includeDeclaration":false},"textDocument":{"uri":"file:///C:/Users/74993/Desktop/%E6%AF%95%E8%AE%BE/wll%E8%AE%BA%E6%96%87/java-language-server2/outputDir/LOC_8800.java"},"position":{"line":8742,"character":26}}
Sep 03, 2025 2:32:15 PM org.javacs.JavaLanguageServer rename
INFO: rename: 337 document: file:///C:/Users/74993/Desktop/毕设/wll论文/java-language-server2/outputDir/LOC_8800.java
Sep 03, 2025 2:32:15 PM org.javacs.JavaLanguageServer didOpenTextDocument
INFO: #didOpenTextDocument# try completion {"context":{"includeDeclaration":false},"textDocument":{"uri":"file:///C:/Users/74993/Desktop/%E6%AF%95%E8%AE%BE/wll%E8%AE%BA%E6%96%87/java-language-server2/outputDir/LOC_8800.java"},"position":{"line":8742,"character":26}}
Sep 03, 2025 2:32:15 PM org.javacs.completion.CompletionProvider complete
INFO: Complete at LOC_8800.java(8743,27)...
Sep 03, 2025 2:32:15 PM org.javacs.completion.CompletionProvider compileAndComplete
INFO: ...compiled in 27ms
Sep 03, 2025 2:32:15 PM org.javacs.completion.CompletionProvider completeIdentifier
INFO: ...complete identifiers
Sep 03, 2025 2:32:15 PM org.javacs.completion.CompletionProvider completeUsingScope
INFO: ...found 40 scope members
Sep 03, 2025 2:32:15 PM org.javacs.completion.CompletionProvider addStaticImports
INFO: ...found 0 static imports
Sep 03, 2025 2:32:15 PM org.javacs.completion.CompletionProvider logCompletionTiming
INFO: ...found 67 items in 33 ms
Sep 03, 2025 2:32:15 PM org.javacs.JavaLanguageServer completion
INFO: completion: 33 document: file:///C:/Users/74993/Desktop/毕设/wll论文/java-language-server2/outputDir/LOC_8800.java
Sep 03, 2025 2:32:16 PM org.javacs.JavaLanguageServer didOpenTextDocument
INFO: #didOpenTextDocument# try call goto {"context":{"includeDeclaration":false},"textDocument":{"uri":"file:///C:/Users/74993/Desktop/%E6%AF%95%E8%AE%BE/wll%E8%AE%BA%E6%96%87/java-language-server2/outputDir/LOC_9200.java"},"position":{"line":73,"character":31}}
Sep 03, 2025 2:32:16 PM org.javacs.JavaLanguageServer didOpenTextDocument
INFO: #didOpenTextDocument# try call rename {"context":{"includeDeclaration":false},"textDocument":{"uri":"file:///C:/Users/74993/Desktop/%E6%AF%95%E8%AE%BE/wll%E8%AE%BA%E6%96%87/java-language-server2/outputDir/LOC_9200.java"},"position":{"line":73,"character":31}}
Sep 03, 2025 2:32:16 PM org.javacs.JavaLanguageServer rename
INFO: rename: 289 document: file:///C:/Users/74993/Desktop/毕设/wll论文/java-language-server2/outputDir/LOC_9200.java
Sep 03, 2025 2:32:16 PM org.javacs.JavaLanguageServer didOpenTextDocument
INFO: #didOpenTextDocument# try completion {"context":{"includeDeclaration":false},"textDocument":{"uri":"file:///C:/Users/74993/Desktop/%E6%AF%95%E8%AE%BE/wll%E8%AE%BA%E6%96%87/java-language-server2/outputDir/LOC_9200.java"},"position":{"line":73,"character":31}}
Sep 03, 2025 2:32:16 PM org.javacs.completion.CompletionProvider complete
INFO: Complete at LOC_9200.java(74,32)...
Sep 03, 2025 2:32:16 PM org.javacs.completion.CompletionProvider compileAndComplete
INFO: ...compiled in 41ms
Sep 03, 2025 2:32:16 PM org.javacs.completion.CompletionProvider logCompletionTiming
INFO: ...found 11 items in 45 ms
Sep 03, 2025 2:32:16 PM org.javacs.JavaLanguageServer completion
INFO: completion: 45 document: file:///C:/Users/74993/Desktop/毕设/wll论文/java-language-server2/outputDir/LOC_9200.java
Sep 03, 2025 2:32:16 PM org.javacs.JavaLanguageServer didOpenTextDocument
INFO: #didOpenTextDocument# try call goto {"context":{"includeDeclaration":false},"textDocument":{"uri":"file:///C:/Users/74993/Desktop/%E6%AF%95%E8%AE%BE/wll%E8%AE%BA%E6%96%87/java-language-server2/outputDir/LOC_9200.java"},"position":{"line":9186,"character":35}}
Sep 03, 2025 2:32:17 PM org.javacs.JavaLanguageServer didOpenTextDocument
INFO: #didOpenTextDocument# try call rename {"context":{"includeDeclaration":false},"textDocument":{"uri":"file:///C:/Users/74993/Desktop/%E6%AF%95%E8%AE%BE/wll%E8%AE%BA%E6%96%87/java-language-server2/outputDir/LOC_9200.java"},"position":{"line":9186,"character":35}}
Sep 03, 2025 2:32:17 PM org.javacs.JavaLanguageServer rename
INFO: rename: 294 document: file:///C:/Users/74993/Desktop/毕设/wll论文/java-language-server2/outputDir/LOC_9200.java
Sep 03, 2025 2:32:17 PM org.javacs.JavaLanguageServer didOpenTextDocument
INFO: #didOpenTextDocument# try completion {"context":{"includeDeclaration":false},"textDocument":{"uri":"file:///C:/Users/74993/Desktop/%E6%AF%95%E8%AE%BE/wll%E8%AE%BA%E6%96%87/java-language-server2/outputDir/LOC_9200.java"},"position":{"line":9186,"character":35}}
Sep 03, 2025 2:32:17 PM org.javacs.completion.CompletionProvider complete
INFO: Complete at LOC_9200.java(9187,36)...
Sep 03, 2025 2:32:17 PM org.javacs.completion.CompletionProvider compileAndComplete
INFO: ...compiled in 26ms
Sep 03, 2025 2:32:17 PM org.javacs.completion.CompletionProvider logCompletionTiming
INFO: ...found 11 items in 30 ms
Sep 03, 2025 2:32:17 PM org.javacs.JavaLanguageServer completion
INFO: completion: 30 document: file:///C:/Users/74993/Desktop/毕设/wll论文/java-language-server2/outputDir/LOC_9200.java
Sep 03, 2025 2:32:17 PM org.javacs.JavaLanguageServer didOpenTextDocument
INFO: #didOpenTextDocument# try call goto {"context":{"includeDeclaration":false},"textDocument":{"uri":"file:///C:/Users/74993/Desktop/%E6%AF%95%E8%AE%BE/wll%E8%AE%BA%E6%96%87/java-language-server2/outputDir/LOC_9600.java"},"position":{"line":73,"character":31}}
Sep 03, 2025 2:32:18 PM org.javacs.JavaLanguageServer didOpenTextDocument
INFO: #didOpenTextDocument# try call rename {"context":{"includeDeclaration":false},"textDocument":{"uri":"file:///C:/Users/74993/Desktop/%E6%AF%95%E8%AE%BE/wll%E8%AE%BA%E6%96%87/java-language-server2/outputDir/LOC_9600.java"},"position":{"line":73,"character":31}}
Sep 03, 2025 2:32:18 PM org.javacs.JavaLanguageServer rename
INFO: rename: 296 document: file:///C:/Users/74993/Desktop/毕设/wll论文/java-language-server2/outputDir/LOC_9600.java
Sep 03, 2025 2:32:18 PM org.javacs.JavaLanguageServer didOpenTextDocument
INFO: #didOpenTextDocument# try completion {"context":{"includeDeclaration":false},"textDocument":{"uri":"file:///C:/Users/74993/Desktop/%E6%AF%95%E8%AE%BE/wll%E8%AE%BA%E6%96%87/java-language-server2/outputDir/LOC_9600.java"},"position":{"line":73,"character":31}}
Sep 03, 2025 2:32:18 PM org.javacs.completion.CompletionProvider complete
INFO: Complete at LOC_9600.java(74,32)...
Sep 03, 2025 2:32:18 PM org.javacs.completion.CompletionProvider compileAndComplete
INFO: ...compiled in 26ms
Sep 03, 2025 2:32:18 PM org.javacs.completion.CompletionProvider logCompletionTiming
INFO: ...found 11 items in 30 ms
Sep 03, 2025 2:32:18 PM org.javacs.JavaLanguageServer completion
INFO: completion: 31 document: file:///C:/Users/74993/Desktop/毕设/wll论文/java-language-server2/outputDir/LOC_9600.java
Sep 03, 2025 2:32:18 PM org.javacs.JavaLanguageServer didOpenTextDocument
INFO: #didOpenTextDocument# try call goto {"context":{"includeDeclaration":false},"textDocument":{"uri":"file:///C:/Users/74993/Desktop/%E6%AF%95%E8%AE%BE/wll%E8%AE%BA%E6%96%87/java-language-server2/outputDir/LOC_9600.java"},"position":{"line":9574,"character":26}}
Sep 03, 2025 2:32:18 PM org.javacs.JavaCompilerService findPublicTypeDeclarationInJdk
INFO: ...found jar:file:///C:/Program%20Files/Java/jdk-22/lib/src.zip!/java.base/java/lang/Object.java in module java.base of jdk
Sep 03, 2025 2:32:19 PM org.javacs.JavaLanguageServer didOpenTextDocument
INFO: #didOpenTextDocument# try call rename {"context":{"includeDeclaration":false},"textDocument":{"uri":"file:///C:/Users/74993/Desktop/%E6%AF%95%E8%AE%BE/wll%E8%AE%BA%E6%96%87/java-language-server2/outputDir/LOC_9600.java"},"position":{"line":9574,"character":26}}
Sep 03, 2025 2:32:19 PM org.javacs.JavaLanguageServer rename
INFO: rename: 370 document: file:///C:/Users/74993/Desktop/毕设/wll论文/java-language-server2/outputDir/LOC_9600.java
Sep 03, 2025 2:32:19 PM org.javacs.JavaLanguageServer didOpenTextDocument
INFO: #didOpenTextDocument# try completion {"context":{"includeDeclaration":false},"textDocument":{"uri":"file:///C:/Users/74993/Desktop/%E6%AF%95%E8%AE%BE/wll%E8%AE%BA%E6%96%87/java-language-server2/outputDir/LOC_9600.java"},"position":{"line":9574,"character":26}}
Sep 03, 2025 2:32:19 PM org.javacs.completion.CompletionProvider complete
INFO: Complete at LOC_9600.java(9575,27)...
Sep 03, 2025 2:32:19 PM org.javacs.completion.CompletionProvider compileAndComplete
INFO: ...compiled in 26ms
Sep 03, 2025 2:32:19 PM org.javacs.completion.CompletionProvider completeIdentifier
INFO: ...complete identifiers
Sep 03, 2025 2:32:19 PM org.javacs.completion.CompletionProvider completeUsingScope
INFO: ...found 17 scope members
Sep 03, 2025 2:32:19 PM org.javacs.completion.CompletionProvider addStaticImports
INFO: ...found 0 static imports
Sep 03, 2025 2:32:19 PM org.javacs.completion.CompletionProvider logCompletionTiming
INFO: ...found 44 items in 31 ms
Sep 03, 2025 2:32:19 PM org.javacs.JavaLanguageServer completion
INFO: completion: 31 document: file:///C:/Users/74993/Desktop/毕设/wll论文/java-language-server2/outputDir/LOC_9600.java
Sep 03, 2025 2:32:19 PM org.javacs.JavaLanguageServer didOpenTextDocument
INFO: #didOpenTextDocument# try call goto {"context":{"includeDeclaration":false},"textDocument":{"uri":"file:///C:/Users/74993/Desktop/%E6%AF%95%E8%AE%BE/wll%E8%AE%BA%E6%96%87/java-language-server2/outputDir/LOC_10000.java"},"position":{"line":73,"character":31}}
Sep 03, 2025 2:32:20 PM org.javacs.JavaLanguageServer didOpenTextDocument
INFO: #didOpenTextDocument# try call rename {"context":{"includeDeclaration":false},"textDocument":{"uri":"file:///C:/Users/74993/Desktop/%E6%AF%95%E8%AE%BE/wll%E8%AE%BA%E6%96%87/java-language-server2/outputDir/LOC_10000.java"},"position":{"line":73,"character":31}}
Sep 03, 2025 2:32:20 PM org.javacs.JavaLanguageServer rename
INFO: rename: 323 document: file:///C:/Users/74993/Desktop/毕设/wll论文/java-language-server2/outputDir/LOC_10000.java
Sep 03, 2025 2:32:20 PM org.javacs.JavaLanguageServer didOpenTextDocument
INFO: #didOpenTextDocument# try completion {"context":{"includeDeclaration":false},"textDocument":{"uri":"file:///C:/Users/74993/Desktop/%E6%AF%95%E8%AE%BE/wll%E8%AE%BA%E6%96%87/java-language-server2/outputDir/LOC_10000.java"},"position":{"line":73,"character":31}}
Sep 03, 2025 2:32:20 PM org.javacs.completion.CompletionProvider complete
INFO: Complete at LOC_10000.java(74,32)...
Sep 03, 2025 2:32:20 PM org.javacs.completion.CompletionProvider compileAndComplete
INFO: ...compiled in 26ms
Sep 03, 2025 2:32:20 PM org.javacs.completion.CompletionProvider logCompletionTiming
INFO: ...found 11 items in 30 ms
Sep 03, 2025 2:32:20 PM org.javacs.JavaLanguageServer completion
INFO: completion: 30 document: file:///C:/Users/74993/Desktop/毕设/wll论文/java-language-server2/outputDir/LOC_10000.java
Sep 03, 2025 2:32:20 PM org.javacs.JavaLanguageServer didOpenTextDocument
INFO: #didOpenTextDocument# try call goto {"context":{"includeDeclaration":false},"textDocument":{"uri":"file:///C:/Users/74993/Desktop/%E6%AF%95%E8%AE%BE/wll%E8%AE%BA%E6%96%87/java-language-server2/outputDir/LOC_10000.java"},"position":{"line":9969,"character":26}}
Sep 03, 2025 2:32:20 PM org.javacs.JavaCompilerService findPublicTypeDeclarationInJdk
INFO: ...found jar:file:///C:/Program%20Files/Java/jdk-22/lib/src.zip!/java.base/java/lang/Object.java in module java.base of jdk
Sep 03, 2025 2:32:21 PM org.javacs.JavaLanguageServer didOpenTextDocument
INFO: #didOpenTextDocument# try call rename {"context":{"includeDeclaration":false},"textDocument":{"uri":"file:///C:/Users/74993/Desktop/%E6%AF%95%E8%AE%BE/wll%E8%AE%BA%E6%96%87/java-language-server2/outputDir/LOC_10000.java"},"position":{"line":9969,"character":26}}
Sep 03, 2025 2:32:21 PM org.javacs.JavaLanguageServer rename
INFO: rename: 410 document: file:///C:/Users/74993/Desktop/毕设/wll论文/java-language-server2/outputDir/LOC_10000.java
Sep 03, 2025 2:32:21 PM org.javacs.JavaLanguageServer didOpenTextDocument
INFO: #didOpenTextDocument# try completion {"context":{"includeDeclaration":false},"textDocument":{"uri":"file:///C:/Users/74993/Desktop/%E6%AF%95%E8%AE%BE/wll%E8%AE%BA%E6%96%87/java-language-server2/outputDir/LOC_10000.java"},"position":{"line":9969,"character":26}}
Sep 03, 2025 2:32:21 PM org.javacs.completion.CompletionProvider complete
INFO: Complete at LOC_10000.java(9970,27)...
Sep 03, 2025 2:32:21 PM org.javacs.completion.CompletionProvider compileAndComplete
INFO: ...compiled in 28ms
Sep 03, 2025 2:32:21 PM org.javacs.completion.CompletionProvider completeIdentifier
INFO: ...complete identifiers
Sep 03, 2025 2:32:21 PM org.javacs.completion.CompletionProvider completeUsingScope
INFO: ...found 17 scope members
Sep 03, 2025 2:32:21 PM org.javacs.completion.CompletionProvider addStaticImports
INFO: ...found 0 static imports
Sep 03, 2025 2:32:21 PM org.javacs.completion.CompletionProvider logCompletionTiming
INFO: ...found 44 items in 33 ms
Sep 03, 2025 2:32:21 PM org.javacs.JavaLanguageServer completion
INFO: completion: 33 document: file:///C:/Users/74993/Desktop/毕设/wll论文/java-language-server2/outputDir/LOC_10000.java
